{"/home/dsilvc/frontend-grupo1/components/LandingPage.tsx": {"path":"/home/dsilvc/frontend-grupo1/components/LandingPage.tsx","statementMap":{"0":{"start":{"line":10,"column":57},"end":{"line":52,"column":1}},"1":{"start":{"line":11,"column":2},"end":{"line":51,"column":4}}},"fnMap":{"0":{"name":"(anonymous_0)","decl":{"start":{"line":10,"column":57},"end":{"line":10,"column":58}},"loc":{"start":{"line":10,"column":75},"end":{"line":52,"column":1}},"line":10}},"branchMap":{},"s":{"0":1,"1":5},"f":{"0":5},"b":{},"_coverageSchema":"1a1c01bbd47fc00a2c39e90264f33305004495a9","hash":"257598e4b06c424445cbacf0db948bfe821984d8"}
,"/home/dsilvc/frontend-grupo1/components/Layout.tsx": {"path":"/home/dsilvc/frontend-grupo1/components/Layout.tsx","statementMap":{"0":{"start":{"line":10,"column":47},"end":{"line":62,"column":1}},"1":{"start":{"line":11,"column":2},"end":{"line":61,"column":4}}},"fnMap":{"0":{"name":"(anonymous_0)","decl":{"start":{"line":10,"column":47},"end":{"line":10,"column":48}},"loc":{"start":{"line":10,"column":65},"end":{"line":62,"column":1}},"line":10}},"branchMap":{},"s":{"0":4,"1":4},"f":{"0":4},"b":{},"_coverageSchema":"1a1c01bbd47fc00a2c39e90264f33305004495a9","hash":"caf5709a273daa15a7b457ea068aeaa8ff31b490"}
,"/home/dsilvc/frontend-grupo1/components/LogIn.tsx": {"path":"/home/dsilvc/frontend-grupo1/components/LogIn.tsx","statementMap":{"0":{"start":{"line":18,"column":45},"end":{"line":107,"column":3}},"1":{"start":{"line":19,"column":17},"end":{"line":19,"column":28}},"2":{"start":{"line":20,"column":19},"end":{"line":20,"column":35}},"3":{"start":{"line":21,"column":16},"end":{"line":21,"column":72}},"4":{"start":{"line":21,"column":41},"end":{"line":21,"column":70}},"5":{"start":{"line":22,"column":16},"end":{"line":22,"column":72}},"6":{"start":{"line":22,"column":41},"end":{"line":22,"column":70}},"7":{"start":{"line":24,"column":2},"end":{"line":31,"column":21}},"8":{"start":{"line":26,"column":4},"end":{"line":30,"column":5}},"9":{"start":{"line":27,"column":6},"end":{"line":27,"column":41}},"10":{"start":{"line":28,"column":11},"end":{"line":30,"column":5}},"11":{"start":{"line":29,"column":6},"end":{"line":29,"column":34}},"12":{"start":{"line":33,"column":19},"end":{"line":61,"column":9}},"13":{"start":{"line":34,"column":18},"end":{"line":34,"column":35}},"14":{"start":{"line":35,"column":4},"end":{"line":39,"column":5}},"15":{"start":{"line":36,"column":6},"end":{"line":38,"column":7}},"16":{"start":{"line":40,"column":16},"end":{"line":40,"column":55}},"17":{"start":{"line":41,"column":4},"end":{"line":41,"column":21}},"18":{"start":{"line":42,"column":4},"end":{"line":61,"column":8}},"19":{"start":{"line":51,"column":8},"end":{"line":51,"column":38}},"20":{"start":{"line":52,"column":8},"end":{"line":54,"column":9}},"21":{"start":{"line":53,"column":10},"end":{"line":53,"column":57}},"22":{"start":{"line":56,"column":8},"end":{"line":60,"column":9}},"23":{"start":{"line":57,"column":10},"end":{"line":57,"column":53}},"24":{"start":{"line":59,"column":10},"end":{"line":59,"column":62}},"25":{"start":{"line":63,"column":2},"end":{"line":106,"column":4}}},"fnMap":{"0":{"name":"(anonymous_0)","decl":{"start":{"line":18,"column":45},"end":{"line":18,"column":46}},"loc":{"start":{"line":18,"column":63},"end":{"line":107,"column":3}},"line":18},"1":{"name":"(anonymous_1)","decl":{"start":{"line":21,"column":32},"end":{"line":21,"column":33}},"loc":{"start":{"line":21,"column":41},"end":{"line":21,"column":70}},"line":21},"2":{"name":"(anonymous_2)","decl":{"start":{"line":22,"column":32},"end":{"line":22,"column":33}},"loc":{"start":{"line":22,"column":41},"end":{"line":22,"column":70}},"line":22},"3":{"name":"(anonymous_3)","decl":{"start":{"line":24,"column":12},"end":{"line":24,"column":13}},"loc":{"start":{"line":24,"column":18},"end":{"line":31,"column":3}},"line":24},"4":{"name":"(anonymous_4)","decl":{"start":{"line":33,"column":19},"end":{"line":33,"column":20}},"loc":{"start":{"line":33,"column":35},"end":{"line":61,"column":9}},"line":33},"5":{"name":"(anonymous_5)","decl":{"start":{"line":50,"column":12},"end":{"line":50,"column":13}},"loc":{"start":{"line":50,"column":26},"end":{"line":55,"column":7}},"line":50},"6":{"name":"(anonymous_6)","decl":{"start":{"line":55,"column":15},"end":{"line":55,"column":16}},"loc":{"start":{"line":55,"column":26},"end":{"line":61,"column":7}},"line":55}},"branchMap":{"0":{"loc":{"start":{"line":26,"column":4},"end":{"line":30,"column":5}},"type":"if","locations":[{"start":{"line":26,"column":4},"end":{"line":30,"column":5}},{"start":{"line":28,"column":11},"end":{"line":30,"column":5}}],"line":26},"1":{"loc":{"start":{"line":28,"column":11},"end":{"line":30,"column":5}},"type":"if","locations":[{"start":{"line":28,"column":11},"end":{"line":30,"column":5}},{"start":{},"end":{}}],"line":28},"2":{"loc":{"start":{"line":35,"column":4},"end":{"line":39,"column":5}},"type":"if","locations":[{"start":{"line":35,"column":4},"end":{"line":39,"column":5}},{"start":{},"end":{}}],"line":35},"3":{"loc":{"start":{"line":52,"column":8},"end":{"line":54,"column":9}},"type":"if","locations":[{"start":{"line":52,"column":8},"end":{"line":54,"column":9}},{"start":{},"end":{}}],"line":52},"4":{"loc":{"start":{"line":56,"column":8},"end":{"line":60,"column":9}},"type":"if","locations":[{"start":{"line":56,"column":8},"end":{"line":60,"column":9}},{"start":{"line":58,"column":15},"end":{"line":60,"column":9}}],"line":56}},"s":{"0":0,"1":0,"2":0,"3":0,"4":0,"5":0,"6":0,"7":0,"8":0,"9":0,"10":0,"11":0,"12":0,"13":0,"14":0,"15":0,"16":0,"17":0,"18":0,"19":0,"20":0,"21":0,"22":0,"23":0,"24":0,"25":0},"f":{"0":0,"1":0,"2":0,"3":0,"4":0,"5":0,"6":0},"b":{"0":[0,0],"1":[0,0],"2":[0,0],"3":[0,0],"4":[0,0]}}
,"/home/dsilvc/frontend-grupo1/components/LogInBackground.tsx": {"path":"/home/dsilvc/frontend-grupo1/components/LogInBackground.tsx","statementMap":{"0":{"start":{"line":5,"column":43},"end":{"line":18,"column":1}},"1":{"start":{"line":6,"column":2},"end":{"line":17,"column":4}}},"fnMap":{"0":{"name":"(anonymous_0)","decl":{"start":{"line":5,"column":43},"end":{"line":5,"column":44}},"loc":{"start":{"line":5,"column":49},"end":{"line":18,"column":1}},"line":5}},"branchMap":{},"s":{"0":2,"1":2},"f":{"0":2},"b":{},"_coverageSchema":"1a1c01bbd47fc00a2c39e90264f33305004495a9","hash":"d8bccf0a9cb502085fdbc1d1d9f2e85642041e28"}
,"/home/dsilvc/frontend-grupo1/components/SignIn.tsx": {"path":"/home/dsilvc/frontend-grupo1/components/SignIn.tsx","statementMap":{"0":{"start":{"line":28,"column":45},"end":{"line":129,"column":1}},"1":{"start":{"line":29,"column":17},"end":{"line":29,"column":28}},"2":{"start":{"line":30,"column":19},"end":{"line":30,"column":35}},"3":{"start":{"line":31,"column":16},"end":{"line":31,"column":72}},"4":{"start":{"line":31,"column":42},"end":{"line":31,"column":71}},"5":{"start":{"line":33,"column":2},"end":{"line":37,"column":21}},"6":{"start":{"line":34,"column":4},"end":{"line":36,"column":5}},"7":{"start":{"line":35,"column":6},"end":{"line":35,"column":34}},"8":{"start":{"line":39,"column":19},"end":{"line":75,"column":3}},"9":{"start":{"line":41,"column":24},"end":{"line":41,"column":82}},"10":{"start":{"line":42,"column":4},"end":{"line":74,"column":5}},"11":{"start":{"line":43,"column":6},"end":{"line":45,"column":7}},"12":{"start":{"line":47,"column":9},"end":{"line":74,"column":5}},"13":{"start":{"line":48,"column":18},"end":{"line":48,"column":58}},"14":{"start":{"line":49,"column":6},"end":{"line":73,"column":8}},"15":{"start":{"line":56,"column":8},"end":{"line":56,"column":31}},"16":{"start":{"line":57,"column":8},"end":{"line":57,"column":23}},"17":{"start":{"line":58,"column":8},"end":{"line":58,"column":31}},"18":{"start":{"line":61,"column":32},"end":{"line":69,"column":62}},"19":{"start":{"line":70,"column":8},"end":{"line":72,"column":9}},"20":{"start":{"line":77,"column":2},"end":{"line":128,"column":4}}},"fnMap":{"0":{"name":"(anonymous_0)","decl":{"start":{"line":28,"column":45},"end":{"line":28,"column":46}},"loc":{"start":{"line":28,"column":63},"end":{"line":129,"column":1}},"line":28},"1":{"name":"(anonymous_1)","decl":{"start":{"line":31,"column":31},"end":{"line":31,"column":32}},"loc":{"start":{"line":31,"column":42},"end":{"line":31,"column":71}},"line":31},"2":{"name":"(anonymous_2)","decl":{"start":{"line":33,"column":12},"end":{"line":33,"column":13}},"loc":{"start":{"line":33,"column":18},"end":{"line":37,"column":3}},"line":33},"3":{"name":"(anonymous_3)","decl":{"start":{"line":39,"column":19},"end":{"line":39,"column":20}},"loc":{"start":{"line":39,"column":35},"end":{"line":75,"column":3}},"line":39},"4":{"name":"(anonymous_4)","decl":{"start":{"line":55,"column":14},"end":{"line":55,"column":15}},"loc":{"start":{"line":55,"column":28},"end":{"line":60,"column":7}},"line":55},"5":{"name":"(anonymous_5)","decl":{"start":{"line":60,"column":15},"end":{"line":60,"column":16}},"loc":{"start":{"line":60,"column":26},"end":{"line":73,"column":7}},"line":60}},"branchMap":{"0":{"loc":{"start":{"line":34,"column":4},"end":{"line":36,"column":5}},"type":"if","locations":[{"start":{"line":34,"column":4},"end":{"line":36,"column":5}},{"start":{},"end":{}}],"line":34},"1":{"loc":{"start":{"line":42,"column":4},"end":{"line":74,"column":5}},"type":"if","locations":[{"start":{"line":42,"column":4},"end":{"line":74,"column":5}},{"start":{"line":47,"column":9},"end":{"line":74,"column":5}}],"line":42},"2":{"loc":{"start":{"line":47,"column":9},"end":{"line":74,"column":5}},"type":"if","locations":[{"start":{"line":47,"column":9},"end":{"line":74,"column":5}},{"start":{},"end":{}}],"line":47},"3":{"loc":{"start":{"line":61,"column":32},"end":{"line":69,"column":62}},"type":"cond-expr","locations":[{"start":{"line":62,"column":10},"end":{"line":62,"column":58}},{"start":{"line":63,"column":10},"end":{"line":69,"column":62}}],"line":61},"4":{"loc":{"start":{"line":63,"column":10},"end":{"line":69,"column":62}},"type":"cond-expr","locations":[{"start":{"line":64,"column":10},"end":{"line":64,"column":53}},{"start":{"line":65,"column":10},"end":{"line":69,"column":62}}],"line":63},"5":{"loc":{"start":{"line":65,"column":10},"end":{"line":69,"column":62}},"type":"cond-expr","locations":[{"start":{"line":66,"column":8},"end":{"line":66,"column":58}},{"start":{"line":67,"column":8},"end":{"line":69,"column":62}}],"line":65},"6":{"loc":{"start":{"line":67,"column":8},"end":{"line":69,"column":62}},"type":"cond-expr","locations":[{"start":{"line":68,"column":8},"end":{"line":68,"column":40}},{"start":{"line":69,"column":8},"end":{"line":69,"column":62}}],"line":67}},"s":{"0":0,"1":0,"2":0,"3":0,"4":0,"5":0,"6":0,"7":0,"8":0,"9":0,"10":0,"11":0,"12":0,"13":0,"14":0,"15":0,"16":0,"17":0,"18":0,"19":0,"20":0},"f":{"0":0,"1":0,"2":0,"3":0,"4":0,"5":0},"b":{"0":[0,0],"1":[0,0],"2":[0,0],"3":[0,0],"4":[0,0],"5":[0,0],"6":[0,0]}}
,"/home/dsilvc/frontend-grupo1/pages/index.tsx": {"path":"/home/dsilvc/frontend-grupo1/pages/index.tsx","statementMap":{"0":{"start":{"line":5,"column":2},"end":{"line":8,"column":4}}},"fnMap":{"0":{"name":"Home","decl":{"start":{"line":4,"column":24},"end":{"line":4,"column":28}},"loc":{"start":{"line":4,"column":31},"end":{"line":9,"column":1}},"line":4}},"branchMap":{},"s":{"0":5},"f":{"0":5},"b":{},"_coverageSchema":"1a1c01bbd47fc00a2c39e90264f33305004495a9","hash":"504dc3d1a699ccad29038b9d996d16b10970f5e1"}
,"/home/dsilvc/frontend-grupo1/pages/info.tsx": {"path":"/home/dsilvc/frontend-grupo1/pages/info.tsx","statementMap":{"0":{"start":{"line":10,"column":57},"end":{"line":65,"column":1}},"1":{"start":{"line":11,"column":2},"end":{"line":64,"column":4}}},"fnMap":{"0":{"name":"(anonymous_0)","decl":{"start":{"line":10,"column":57},"end":{"line":10,"column":58}},"loc":{"start":{"line":10,"column":75},"end":{"line":65,"column":1}},"line":10}},"branchMap":{},"s":{"0":1,"1":5},"f":{"0":5},"b":{},"_coverageSchema":"1a1c01bbd47fc00a2c39e90264f33305004495a9","hash":"1ec4b0016936b55bf09a0c739f3efed427e718ed"}
,"/home/dsilvc/frontend-grupo1/pages/main/ExplorarClases.tsx": {"path":"/home/dsilvc/frontend-grupo1/pages/main/ExplorarClases.tsx","statementMap":{"0":{"start":{"line":14,"column":26},"end":{"line":14,"column":70}},"1":{"start":{"line":23,"column":2},"end":{"line":23,"column":42}},"2":{"start":{"line":26,"column":24},"end":{"line":31,"column":1}},"3":{"start":{"line":27,"column":21},"end":{"line":27,"column":56}},"4":{"start":{"line":28,"column":21},"end":{"line":28,"column":97}},"5":{"start":{"line":28,"column":41},"end":{"line":28,"column":74}},"6":{"start":{"line":30,"column":2},"end":{"line":30,"column":96}},"7":{"start":{"line":33,"column":19},"end":{"line":38,"column":1}},"8":{"start":{"line":34,"column":21},"end":{"line":34,"column":56}},"9":{"start":{"line":35,"column":21},"end":{"line":35,"column":85}},"10":{"start":{"line":37,"column":2},"end":{"line":37,"column":52}},"11":{"start":{"line":42,"column":34},"end":{"line":42,"column":46}},"12":{"start":{"line":43,"column":38},"end":{"line":43,"column":53}},"13":{"start":{"line":44,"column":32},"end":{"line":44,"column":47}},"14":{"start":{"line":45,"column":16},"end":{"line":45,"column":72}},"15":{"start":{"line":45,"column":42},"end":{"line":45,"column":71}},"16":{"start":{"line":46,"column":17},"end":{"line":46,"column":28}},"17":{"start":{"line":48,"column":2},"end":{"line":53,"column":9}},"18":{"start":{"line":49,"column":4},"end":{"line":51,"column":5}},"19":{"start":{"line":50,"column":6},"end":{"line":50,"column":29}},"20":{"start":{"line":52,"column":4},"end":{"line":52,"column":18}},"21":{"start":{"line":55,"column":2},"end":{"line":59,"column":19}},"22":{"start":{"line":56,"column":4},"end":{"line":58,"column":5}},"23":{"start":{"line":57,"column":6},"end":{"line":57,"column":20}},"24":{"start":{"line":61,"column":22},"end":{"line":74,"column":3}},"25":{"start":{"line":62,"column":16},"end":{"line":62,"column":51}},"26":{"start":{"line":63,"column":8},"end":{"line":73,"column":10}},"27":{"start":{"line":70,"column":10},"end":{"line":70,"column":36}},"28":{"start":{"line":72,"column":10},"end":{"line":72,"column":76}},"29":{"start":{"line":76,"column":26},"end":{"line":90,"column":3}},"30":{"start":{"line":77,"column":17},"end":{"line":77,"column":100}},"31":{"start":{"line":78,"column":16},"end":{"line":78,"column":51}},"32":{"start":{"line":79,"column":4},"end":{"line":89,"column":6}},"33":{"start":{"line":86,"column":6},"end":{"line":86,"column":32}},"34":{"start":{"line":88,"column":6},"end":{"line":88,"column":66}},"35":{"start":{"line":92,"column":20},"end":{"line":105,"column":3}},"36":{"start":{"line":93,"column":16},"end":{"line":93,"column":49}},"37":{"start":{"line":94,"column":4},"end":{"line":104,"column":6}},"38":{"start":{"line":101,"column":6},"end":{"line":101,"column":88}},"39":{"start":{"line":103,"column":6},"end":{"line":103,"column":58}},"40":{"start":{"line":107,"column":2},"end":{"line":182,"column":4}},"41":{"start":{"line":114,"column":33},"end":{"line":114,"column":59}},"42":{"start":{"line":124,"column":12},"end":{"line":143,"column":13}},"43":{"start":{"line":135,"column":58},"end":{"line":135,"column":79}},"44":{"start":{"line":153,"column":26},"end":{"line":153,"column":52}}},"fnMap":{"0":{"name":"toArr","decl":{"start":{"line":22,"column":9},"end":{"line":22,"column":14}},"loc":{"start":{"line":22,"column":80},"end":{"line":24,"column":1}},"line":22},"1":{"name":"(anonymous_1)","decl":{"start":{"line":26,"column":24},"end":{"line":26,"column":25}},"loc":{"start":{"line":26,"column":72},"end":{"line":31,"column":1}},"line":26},"2":{"name":"(anonymous_2)","decl":{"start":{"line":28,"column":35},"end":{"line":28,"column":36}},"loc":{"start":{"line":28,"column":41},"end":{"line":28,"column":74}},"line":28},"3":{"name":"(anonymous_3)","decl":{"start":{"line":33,"column":19},"end":{"line":33,"column":20}},"loc":{"start":{"line":33,"column":58},"end":{"line":38,"column":1}},"line":33},"4":{"name":"Explorar","decl":{"start":{"line":41,"column":24},"end":{"line":41,"column":32}},"loc":{"start":{"line":41,"column":35},"end":{"line":183,"column":1}},"line":41},"5":{"name":"(anonymous_5)","decl":{"start":{"line":45,"column":31},"end":{"line":45,"column":32}},"loc":{"start":{"line":45,"column":42},"end":{"line":45,"column":71}},"line":45},"6":{"name":"(anonymous_6)","decl":{"start":{"line":48,"column":12},"end":{"line":48,"column":13}},"loc":{"start":{"line":48,"column":18},"end":{"line":53,"column":3}},"line":48},"7":{"name":"(anonymous_7)","decl":{"start":{"line":55,"column":12},"end":{"line":55,"column":13}},"loc":{"start":{"line":55,"column":18},"end":{"line":59,"column":3}},"line":55},"8":{"name":"(anonymous_8)","decl":{"start":{"line":61,"column":22},"end":{"line":61,"column":23}},"loc":{"start":{"line":61,"column":28},"end":{"line":74,"column":3}},"line":61},"9":{"name":"(anonymous_9)","decl":{"start":{"line":69,"column":16},"end":{"line":69,"column":17}},"loc":{"start":{"line":69,"column":30},"end":{"line":71,"column":9}},"line":69},"10":{"name":"(anonymous_10)","decl":{"start":{"line":71,"column":17},"end":{"line":71,"column":18}},"loc":{"start":{"line":71,"column":28},"end":{"line":73,"column":9}},"line":71},"11":{"name":"(anonymous_11)","decl":{"start":{"line":76,"column":26},"end":{"line":76,"column":27}},"loc":{"start":{"line":76,"column":42},"end":{"line":90,"column":3}},"line":76},"12":{"name":"(anonymous_12)","decl":{"start":{"line":85,"column":12},"end":{"line":85,"column":13}},"loc":{"start":{"line":85,"column":26},"end":{"line":87,"column":5}},"line":85},"13":{"name":"(anonymous_13)","decl":{"start":{"line":87,"column":13},"end":{"line":87,"column":14}},"loc":{"start":{"line":87,"column":24},"end":{"line":89,"column":5}},"line":87},"14":{"name":"(anonymous_14)","decl":{"start":{"line":92,"column":20},"end":{"line":92,"column":21}},"loc":{"start":{"line":92,"column":43},"end":{"line":105,"column":3}},"line":92},"15":{"name":"(anonymous_15)","decl":{"start":{"line":100,"column":12},"end":{"line":100,"column":13}},"loc":{"start":{"line":100,"column":26},"end":{"line":102,"column":5}},"line":100},"16":{"name":"(anonymous_16)","decl":{"start":{"line":102,"column":13},"end":{"line":102,"column":14}},"loc":{"start":{"line":102,"column":24},"end":{"line":104,"column":5}},"line":102},"17":{"name":"(anonymous_17)","decl":{"start":{"line":114,"column":27},"end":{"line":114,"column":28}},"loc":{"start":{"line":114,"column":33},"end":{"line":114,"column":59}},"line":114},"18":{"name":"(anonymous_18)","decl":{"start":{"line":123,"column":23},"end":{"line":123,"column":24}},"loc":{"start":{"line":123,"column":46},"end":{"line":144,"column":11}},"line":123},"19":{"name":"(anonymous_19)","decl":{"start":{"line":135,"column":52},"end":{"line":135,"column":53}},"loc":{"start":{"line":135,"column":58},"end":{"line":135,"column":79}},"line":135},"20":{"name":"(anonymous_20)","decl":{"start":{"line":153,"column":20},"end":{"line":153,"column":21}},"loc":{"start":{"line":153,"column":26},"end":{"line":153,"column":52}},"line":153}},"branchMap":{"0":{"loc":{"start":{"line":23,"column":9},"end":{"line":23,"column":41}},"type":"cond-expr","locations":[{"start":{"line":23,"column":30},"end":{"line":23,"column":33}},{"start":{"line":23,"column":36},"end":{"line":23,"column":41}}],"line":23},"1":{"loc":{"start":{"line":35,"column":21},"end":{"line":35,"column":85}},"type":"cond-expr","locations":[{"start":{"line":35,"column":42},"end":{"line":35,"column":73}},{"start":{"line":35,"column":76},"end":{"line":35,"column":85}}],"line":35},"2":{"loc":{"start":{"line":49,"column":4},"end":{"line":51,"column":5}},"type":"if","locations":[{"start":{"line":49,"column":4},"end":{"line":51,"column":5}},{"start":{},"end":{}}],"line":49},"3":{"loc":{"start":{"line":56,"column":4},"end":{"line":58,"column":5}},"type":"if","locations":[{"start":{"line":56,"column":4},"end":{"line":58,"column":5}},{"start":{},"end":{}}],"line":56},"4":{"loc":{"start":{"line":77,"column":44},"end":{"line":77,"column":66}},"type":"cond-expr","locations":[{"start":{"line":77,"column":54},"end":{"line":77,"column":63}},{"start":{"line":77,"column":64},"end":{"line":77,"column":66}}],"line":77},"5":{"loc":{"start":{"line":127,"column":34},"end":{"line":127,"column":79}},"type":"cond-expr","locations":[{"start":{"line":127,"column":53},"end":{"line":127,"column":69}},{"start":{"line":127,"column":72},"end":{"line":127,"column":79}}],"line":127},"6":{"loc":{"start":{"line":147,"column":7},"end":{"line":180,"column":7}},"type":"binary-expr","locations":[{"start":{"line":147,"column":7},"end":{"line":147,"column":17}},{"start":{"line":148,"column":8},"end":{"line":179,"column":16}}],"line":147}},"s":{"0":0,"1":0,"2":0,"3":0,"4":0,"5":0,"6":0,"7":0,"8":0,"9":0,"10":0,"11":0,"12":0,"13":0,"14":0,"15":0,"16":0,"17":0,"18":0,"19":0,"20":0,"21":0,"22":0,"23":0,"24":0,"25":0,"26":0,"27":0,"28":0,"29":0,"30":0,"31":0,"32":0,"33":0,"34":0,"35":0,"36":0,"37":0,"38":0,"39":0,"40":0,"41":0,"42":0,"43":0,"44":0},"f":{"0":0,"1":0,"2":0,"3":0,"4":0,"5":0,"6":0,"7":0,"8":0,"9":0,"10":0,"11":0,"12":0,"13":0,"14":0,"15":0,"16":0,"17":0,"18":0,"19":0,"20":0},"b":{"0":[0,0],"1":[0,0],"2":[0,0],"3":[0,0],"4":[0,0],"5":[0,0],"6":[0,0]}}
,"/home/dsilvc/frontend-grupo1/pages/main/Historial.tsx": {"path":"/home/dsilvc/frontend-grupo1/pages/main/Historial.tsx","statementMap":{"0":{"start":{"line":4,"column":28},"end":{"line":35,"column":1}},"1":{"start":{"line":38,"column":31},"end":{"line":57,"column":1}},"2":{"start":{"line":61,"column":2},"end":{"line":75,"column":4}}},"fnMap":{"0":{"name":"Historial","decl":{"start":{"line":60,"column":24},"end":{"line":60,"column":33}},"loc":{"start":{"line":60,"column":36},"end":{"line":76,"column":1}},"line":60}},"branchMap":{},"s":{"0":1,"1":1,"2":2},"f":{"0":2},"b":{},"_coverageSchema":"1a1c01bbd47fc00a2c39e90264f33305004495a9","hash":"137c749b5cd48f659acd46e02f2da01e87667b45"}
,"/home/dsilvc/frontend-grupo1/pages/main/MisServicios.tsx": {"path":"/home/dsilvc/frontend-grupo1/pages/main/MisServicios.tsx","statementMap":{"0":{"start":{"line":10,"column":23},"end":{"line":10,"column":66}},"1":{"start":{"line":10,"column":29},"end":{"line":10,"column":66}},"2":{"start":{"line":13,"column":28},"end":{"line":85,"column":1}},"3":{"start":{"line":39,"column":6},"end":{"line":45,"column":14}},"4":{"start":{"line":53,"column":6},"end":{"line":59,"column":14}},"5":{"start":{"line":68,"column":6},"end":{"line":71,"column":14}},"6":{"start":{"line":80,"column":6},"end":{"line":82,"column":17}},"7":{"start":{"line":88,"column":31},"end":{"line":111,"column":1}},"8":{"start":{"line":114,"column":2},"end":{"line":126,"column":4}}},"fnMap":{"0":{"name":"(anonymous_0)","decl":{"start":{"line":10,"column":23},"end":{"line":10,"column":24}},"loc":{"start":{"line":10,"column":29},"end":{"line":10,"column":66}},"line":10},"1":{"name":"(anonymous_1)","decl":{"start":{"line":38,"column":12},"end":{"line":38,"column":13}},"loc":{"start":{"line":39,"column":6},"end":{"line":45,"column":14}},"line":39},"2":{"name":"(anonymous_2)","decl":{"start":{"line":52,"column":12},"end":{"line":52,"column":13}},"loc":{"start":{"line":53,"column":6},"end":{"line":59,"column":14}},"line":53},"3":{"name":"(anonymous_3)","decl":{"start":{"line":67,"column":12},"end":{"line":67,"column":13}},"loc":{"start":{"line":68,"column":6},"end":{"line":71,"column":14}},"line":68},"4":{"name":"(anonymous_4)","decl":{"start":{"line":79,"column":12},"end":{"line":79,"column":13}},"loc":{"start":{"line":80,"column":6},"end":{"line":82,"column":17}},"line":80},"5":{"name":"MisServicios","decl":{"start":{"line":113,"column":24},"end":{"line":113,"column":36}},"loc":{"start":{"line":113,"column":39},"end":{"line":127,"column":1}},"line":113}},"branchMap":{},"s":{"0":1,"1":0,"2":1,"3":2,"4":2,"5":2,"6":2,"7":1,"8":2},"f":{"0":0,"1":2,"2":2,"3":2,"4":2,"5":2},"b":{},"_coverageSchema":"1a1c01bbd47fc00a2c39e90264f33305004495a9","hash":"688faad04271928b39c5c8c3e391af736d1152b5"}
,"/home/dsilvc/frontend-grupo1/pages/session/code.tsx": {"path":"/home/dsilvc/frontend-grupo1/pages/session/code.tsx","statementMap":{"0":{"start":{"line":18,"column":44},"end":{"line":78,"column":3}},"1":{"start":{"line":19,"column":16},"end":{"line":19,"column":72}},"2":{"start":{"line":19,"column":42},"end":{"line":19,"column":71}},"3":{"start":{"line":20,"column":16},"end":{"line":20,"column":72}},"4":{"start":{"line":20,"column":42},"end":{"line":20,"column":71}},"5":{"start":{"line":21,"column":17},"end":{"line":21,"column":28}},"6":{"start":{"line":22,"column":19},"end":{"line":22,"column":35}},"7":{"start":{"line":24,"column":2},"end":{"line":28,"column":21}},"8":{"start":{"line":25,"column":4},"end":{"line":27,"column":5}},"9":{"start":{"line":26,"column":6},"end":{"line":26,"column":41}},"10":{"start":{"line":30,"column":19},"end":{"line":46,"column":3}},"11":{"start":{"line":31,"column":16},"end":{"line":31,"column":61}},"12":{"start":{"line":32,"column":6},"end":{"line":45,"column":8}},"13":{"start":{"line":38,"column":8},"end":{"line":38,"column":55}},"14":{"start":{"line":40,"column":8},"end":{"line":44,"column":9}},"15":{"start":{"line":41,"column":10},"end":{"line":41,"column":45}},"16":{"start":{"line":43,"column":10},"end":{"line":43,"column":62}},"17":{"start":{"line":48,"column":2},"end":{"line":77,"column":4}}},"fnMap":{"0":{"name":"(anonymous_0)","decl":{"start":{"line":18,"column":44},"end":{"line":18,"column":45}},"loc":{"start":{"line":18,"column":62},"end":{"line":78,"column":3}},"line":18},"1":{"name":"(anonymous_1)","decl":{"start":{"line":19,"column":31},"end":{"line":19,"column":32}},"loc":{"start":{"line":19,"column":42},"end":{"line":19,"column":71}},"line":19},"2":{"name":"(anonymous_2)","decl":{"start":{"line":20,"column":31},"end":{"line":20,"column":32}},"loc":{"start":{"line":20,"column":42},"end":{"line":20,"column":71}},"line":20},"3":{"name":"(anonymous_3)","decl":{"start":{"line":24,"column":12},"end":{"line":24,"column":13}},"loc":{"start":{"line":24,"column":18},"end":{"line":28,"column":3}},"line":24},"4":{"name":"(anonymous_4)","decl":{"start":{"line":30,"column":19},"end":{"line":30,"column":20}},"loc":{"start":{"line":30,"column":35},"end":{"line":46,"column":3}},"line":30},"5":{"name":"(anonymous_5)","decl":{"start":{"line":37,"column":14},"end":{"line":37,"column":15}},"loc":{"start":{"line":37,"column":28},"end":{"line":39,"column":7}},"line":37},"6":{"name":"(anonymous_6)","decl":{"start":{"line":39,"column":15},"end":{"line":39,"column":16}},"loc":{"start":{"line":39,"column":26},"end":{"line":45,"column":7}},"line":39}},"branchMap":{"0":{"loc":{"start":{"line":25,"column":4},"end":{"line":27,"column":5}},"type":"if","locations":[{"start":{"line":25,"column":4},"end":{"line":27,"column":5}},{"start":{},"end":{}}],"line":25},"1":{"loc":{"start":{"line":40,"column":8},"end":{"line":44,"column":9}},"type":"if","locations":[{"start":{"line":40,"column":8},"end":{"line":44,"column":9}},{"start":{"line":42,"column":15},"end":{"line":44,"column":9}}],"line":40}},"s":{"0":0,"1":0,"2":0,"3":0,"4":0,"5":0,"6":0,"7":0,"8":0,"9":0,"10":0,"11":0,"12":0,"13":0,"14":0,"15":0,"16":0,"17":0},"f":{"0":0,"1":0,"2":0,"3":0,"4":0,"5":0,"6":0},"b":{"0":[0,0],"1":[0,0]}}
,"/home/dsilvc/frontend-grupo1/pages/session/index.tsx": {"path":"/home/dsilvc/frontend-grupo1/pages/session/index.tsx","statementMap":{"0":{"start":{"line":4,"column":2},"end":{"line":7,"column":4}}},"fnMap":{"0":{"name":"Home","decl":{"start":{"line":3,"column":24},"end":{"line":3,"column":28}},"loc":{"start":{"line":3,"column":31},"end":{"line":8,"column":1}},"line":3}},"branchMap":{},"s":{"0":0},"f":{"0":0},"b":{}}
,"/home/dsilvc/frontend-grupo1/pages/session/newPassword.tsx": {"path":"/home/dsilvc/frontend-grupo1/pages/session/newPassword.tsx","statementMap":{"0":{"start":{"line":14,"column":26},"end":{"line":14,"column":70}},"1":{"start":{"line":22,"column":2},"end":{"line":22,"column":42}},"2":{"start":{"line":25,"column":24},"end":{"line":30,"column":1}},"3":{"start":{"line":26,"column":21},"end":{"line":26,"column":56}},"4":{"start":{"line":27,"column":21},"end":{"line":27,"column":97}},"5":{"start":{"line":27,"column":41},"end":{"line":27,"column":74}},"6":{"start":{"line":29,"column":2},"end":{"line":29,"column":96}},"7":{"start":{"line":32,"column":19},"end":{"line":37,"column":1}},"8":{"start":{"line":33,"column":21},"end":{"line":33,"column":56}},"9":{"start":{"line":34,"column":21},"end":{"line":34,"column":85}},"10":{"start":{"line":36,"column":2},"end":{"line":36,"column":52}},"11":{"start":{"line":40,"column":51},"end":{"line":80,"column":3}},"12":{"start":{"line":41,"column":19},"end":{"line":43,"column":3}},"13":{"start":{"line":42,"column":4},"end":{"line":42,"column":10}},"14":{"start":{"line":45,"column":2},"end":{"line":79,"column":4}}},"fnMap":{"0":{"name":"toArr","decl":{"start":{"line":21,"column":9},"end":{"line":21,"column":14}},"loc":{"start":{"line":21,"column":80},"end":{"line":23,"column":1}},"line":21},"1":{"name":"(anonymous_1)","decl":{"start":{"line":25,"column":24},"end":{"line":25,"column":25}},"loc":{"start":{"line":25,"column":72},"end":{"line":30,"column":1}},"line":25},"2":{"name":"(anonymous_2)","decl":{"start":{"line":27,"column":35},"end":{"line":27,"column":36}},"loc":{"start":{"line":27,"column":41},"end":{"line":27,"column":74}},"line":27},"3":{"name":"(anonymous_3)","decl":{"start":{"line":32,"column":19},"end":{"line":32,"column":20}},"loc":{"start":{"line":32,"column":58},"end":{"line":37,"column":1}},"line":32},"4":{"name":"(anonymous_4)","decl":{"start":{"line":40,"column":51},"end":{"line":40,"column":52}},"loc":{"start":{"line":40,"column":69},"end":{"line":80,"column":3}},"line":40},"5":{"name":"(anonymous_5)","decl":{"start":{"line":41,"column":19},"end":{"line":41,"column":20}},"loc":{"start":{"line":41,"column":38},"end":{"line":43,"column":3}},"line":41}},"branchMap":{"0":{"loc":{"start":{"line":22,"column":9},"end":{"line":22,"column":41}},"type":"cond-expr","locations":[{"start":{"line":22,"column":30},"end":{"line":22,"column":33}},{"start":{"line":22,"column":36},"end":{"line":22,"column":41}}],"line":22},"1":{"loc":{"start":{"line":34,"column":21},"end":{"line":34,"column":85}},"type":"cond-expr","locations":[{"start":{"line":34,"column":42},"end":{"line":34,"column":73}},{"start":{"line":34,"column":76},"end":{"line":34,"column":85}}],"line":34}},"s":{"0":1,"1":4,"2":1,"3":2,"4":2,"5":2,"6":2,"7":1,"8":2,"9":2,"10":2,"11":1,"12":1,"13":0,"14":1},"f":{"0":4,"1":2,"2":2,"3":2,"4":1,"5":0},"b":{"0":[2,2],"1":[2,0]},"_coverageSchema":"1a1c01bbd47fc00a2c39e90264f33305004495a9","hash":"522d999fe0af86fbf6bae0803311d44e636e5d85"}
,"/home/dsilvc/frontend-grupo1/pages/session/password.tsx": {"path":"/home/dsilvc/frontend-grupo1/pages/session/password.tsx","statementMap":{"0":{"start":{"line":14,"column":26},"end":{"line":14,"column":70}},"1":{"start":{"line":22,"column":2},"end":{"line":22,"column":42}},"2":{"start":{"line":25,"column":24},"end":{"line":30,"column":1}},"3":{"start":{"line":26,"column":21},"end":{"line":26,"column":56}},"4":{"start":{"line":27,"column":21},"end":{"line":27,"column":97}},"5":{"start":{"line":27,"column":41},"end":{"line":27,"column":74}},"6":{"start":{"line":29,"column":2},"end":{"line":29,"column":96}},"7":{"start":{"line":32,"column":19},"end":{"line":37,"column":1}},"8":{"start":{"line":33,"column":21},"end":{"line":33,"column":56}},"9":{"start":{"line":34,"column":21},"end":{"line":34,"column":85}},"10":{"start":{"line":36,"column":2},"end":{"line":36,"column":52}},"11":{"start":{"line":40,"column":48},"end":{"line":78,"column":3}},"12":{"start":{"line":41,"column":19},"end":{"line":43,"column":3}},"13":{"start":{"line":42,"column":4},"end":{"line":42,"column":10}},"14":{"start":{"line":45,"column":2},"end":{"line":77,"column":4}}},"fnMap":{"0":{"name":"toArr","decl":{"start":{"line":21,"column":9},"end":{"line":21,"column":14}},"loc":{"start":{"line":21,"column":80},"end":{"line":23,"column":1}},"line":21},"1":{"name":"(anonymous_1)","decl":{"start":{"line":25,"column":24},"end":{"line":25,"column":25}},"loc":{"start":{"line":25,"column":72},"end":{"line":30,"column":1}},"line":25},"2":{"name":"(anonymous_2)","decl":{"start":{"line":27,"column":35},"end":{"line":27,"column":36}},"loc":{"start":{"line":27,"column":41},"end":{"line":27,"column":74}},"line":27},"3":{"name":"(anonymous_3)","decl":{"start":{"line":32,"column":19},"end":{"line":32,"column":20}},"loc":{"start":{"line":32,"column":58},"end":{"line":37,"column":1}},"line":32},"4":{"name":"(anonymous_4)","decl":{"start":{"line":40,"column":48},"end":{"line":40,"column":49}},"loc":{"start":{"line":40,"column":66},"end":{"line":78,"column":3}},"line":40},"5":{"name":"(anonymous_5)","decl":{"start":{"line":41,"column":19},"end":{"line":41,"column":20}},"loc":{"start":{"line":41,"column":38},"end":{"line":43,"column":3}},"line":41}},"branchMap":{"0":{"loc":{"start":{"line":22,"column":9},"end":{"line":22,"column":41}},"type":"cond-expr","locations":[{"start":{"line":22,"column":30},"end":{"line":22,"column":33}},{"start":{"line":22,"column":36},"end":{"line":22,"column":41}}],"line":22},"1":{"loc":{"start":{"line":34,"column":21},"end":{"line":34,"column":85}},"type":"cond-expr","locations":[{"start":{"line":34,"column":42},"end":{"line":34,"column":73}},{"start":{"line":34,"column":76},"end":{"line":34,"column":85}}],"line":34}},"s":{"0":1,"1":3,"2":1,"3":2,"4":2,"5":2,"6":2,"7":1,"8":1,"9":1,"10":1,"11":1,"12":1,"13":0,"14":1},"f":{"0":3,"1":2,"2":2,"3":1,"4":1,"5":0},"b":{"0":[2,1],"1":[1,0]},"_coverageSchema":"1a1c01bbd47fc00a2c39e90264f33305004495a9","hash":"1393ac4d4d2faed4d43da582b2d2965f1ff62df4"}
,"/home/dsilvc/frontend-grupo1/pages/session/signin.tsx": {"path":"/home/dsilvc/frontend-grupo1/pages/session/signin.tsx","statementMap":{"0":{"start":{"line":4,"column":2},"end":{"line":7,"column":4}}},"fnMap":{"0":{"name":"Home","decl":{"start":{"line":3,"column":24},"end":{"line":3,"column":28}},"loc":{"start":{"line":3,"column":31},"end":{"line":8,"column":1}},"line":3}},"branchMap":{},"s":{"0":0},"f":{"0":0},"b":{}}
,"/home/dsilvc/frontend-grupo1/pages/user/changePassword.tsx": {"path":"/home/dsilvc/frontend-grupo1/pages/user/changePassword.tsx","statementMap":{"0":{"start":{"line":12,"column":2},"end":{"line":37,"column":4}}},"fnMap":{"0":{"name":"Home","decl":{"start":{"line":11,"column":24},"end":{"line":11,"column":28}},"loc":{"start":{"line":11,"column":31},"end":{"line":38,"column":1}},"line":11}},"branchMap":{},"s":{"0":0},"f":{"0":0},"b":{}}
,"/home/dsilvc/frontend-grupo1/pages/user/editProfile.tsx": {"path":"/home/dsilvc/frontend-grupo1/pages/user/editProfile.tsx","statementMap":{"0":{"start":{"line":7,"column":17},"end":{"line":12,"column":1}},"1":{"start":{"line":8,"column":2},"end":{"line":10,"column":3}},"2":{"start":{"line":9,"column":4},"end":{"line":9,"column":13}},"3":{"start":{"line":11,"column":2},"end":{"line":11,"column":21}},"4":{"start":{"line":14,"column":27},"end":{"line":26,"column":1}},"5":{"start":{"line":17,"column":18},"end":{"line":17,"column":43}},"6":{"start":{"line":18,"column":4},"end":{"line":20,"column":5}},"7":{"start":{"line":19,"column":6},"end":{"line":19,"column":57}},"8":{"start":{"line":21,"column":4},"end":{"line":21,"column":39}},"9":{"start":{"line":24,"column":4},"end":{"line":24,"column":31}},"10":{"start":{"line":29,"column":2},"end":{"line":74,"column":4}}},"fnMap":{"0":{"name":"(anonymous_0)","decl":{"start":{"line":7,"column":17},"end":{"line":7,"column":18}},"loc":{"start":{"line":7,"column":29},"end":{"line":12,"column":1}},"line":7},"1":{"name":"(anonymous_1)","decl":{"start":{"line":16,"column":16},"end":{"line":16,"column":17}},"loc":{"start":{"line":16,"column":26},"end":{"line":22,"column":3}},"line":16},"2":{"name":"(anonymous_2)","decl":{"start":{"line":23,"column":12},"end":{"line":23,"column":13}},"loc":{"start":{"line":23,"column":22},"end":{"line":25,"column":3}},"line":23},"3":{"name":"Home","decl":{"start":{"line":28,"column":24},"end":{"line":28,"column":28}},"loc":{"start":{"line":28,"column":31},"end":{"line":75,"column":1}},"line":28}},"branchMap":{"0":{"loc":{"start":{"line":8,"column":2},"end":{"line":10,"column":3}},"type":"if","locations":[{"start":{"line":8,"column":2},"end":{"line":10,"column":3}},{"start":{},"end":{}}],"line":8},"1":{"loc":{"start":{"line":18,"column":4},"end":{"line":20,"column":5}},"type":"if","locations":[{"start":{"line":18,"column":4},"end":{"line":20,"column":5}},{"start":{},"end":{}}],"line":18},"2":{"loc":{"start":{"line":21,"column":11},"end":{"line":21,"column":38}},"type":"binary-expr","locations":[{"start":{"line":21,"column":11},"end":{"line":21,"column":16}},{"start":{"line":21,"column":20},"end":{"line":21,"column":38}}],"line":21}},"s":{"0":1,"1":0,"2":0,"3":0,"4":1,"5":0,"6":0,"7":0,"8":0,"9":0,"10":1},"f":{"0":0,"1":0,"2":0,"3":1},"b":{"0":[0,0],"1":[0,0],"2":[0,0]},"_coverageSchema":"1a1c01bbd47fc00a2c39e90264f33305004495a9","hash":"6ef787dd712bdf216391684d0c55de6e46b1a6e4"}
,"/home/dsilvc/frontend-grupo1/pages/user/profile.tsx": {"path":"/home/dsilvc/frontend-grupo1/pages/user/profile.tsx","statementMap":{"0":{"start":{"line":10,"column":2},"end":{"line":35,"column":4}}},"fnMap":{"0":{"name":"Home","decl":{"start":{"line":9,"column":24},"end":{"line":9,"column":28}},"loc":{"start":{"line":9,"column":31},"end":{"line":36,"column":1}},"line":9}},"branchMap":{},"s":{"0":1},"f":{"0":1},"b":{},"_coverageSchema":"1a1c01bbd47fc00a2c39e90264f33305004495a9","hash":"4f1262fa6f42c2185fd215e81970f17ea63e848c"}
}
