{"/home/dsilvc/frontend-grupo1/components/LandingPage.tsx": {"path":"/home/dsilvc/frontend-grupo1/components/LandingPage.tsx","statementMap":{"0":{"start":{"line":10,"column":57},"end":{"line":52,"column":1}},"1":{"start":{"line":11,"column":2},"end":{"line":51,"column":4}}},"fnMap":{"0":{"name":"(anonymous_0)","decl":{"start":{"line":10,"column":57},"end":{"line":10,"column":58}},"loc":{"start":{"line":10,"column":75},"end":{"line":52,"column":1}},"line":10}},"branchMap":{},"s":{"0":1,"1":5},"f":{"0":5},"b":{},"_coverageSchema":"1a1c01bbd47fc00a2c39e90264f33305004495a9","hash":"257598e4b06c424445cbacf0db948bfe821984d8"}
,"/home/dsilvc/frontend-grupo1/components/Layout.tsx": {"path":"/home/dsilvc/frontend-grupo1/components/Layout.tsx","statementMap":{"0":{"start":{"line":10,"column":47},"end":{"line":61,"column":1}},"1":{"start":{"line":11,"column":19},"end":{"line":11,"column":35}},"2":{"start":{"line":12,"column":2},"end":{"line":60,"column":4}},"3":{"start":{"line":27,"column":72},"end":{"line":27,"column":94}}},"fnMap":{"0":{"name":"(anonymous_0)","decl":{"start":{"line":10,"column":47},"end":{"line":10,"column":48}},"loc":{"start":{"line":10,"column":65},"end":{"line":61,"column":1}},"line":10},"1":{"name":"(anonymous_1)","decl":{"start":{"line":27,"column":66},"end":{"line":27,"column":67}},"loc":{"start":{"line":27,"column":72},"end":{"line":27,"column":94}},"line":27}},"branchMap":{},"s":{"0":3,"1":0,"2":0,"3":0},"f":{"0":0,"1":0},"b":{},"_coverageSchema":"1a1c01bbd47fc00a2c39e90264f33305004495a9","hash":"e7a1b2807d08062c1fa6410321954c954eddc209"}
,"/home/dsilvc/frontend-grupo1/components/LayoutAdmin.tsx": {"path":"/home/dsilvc/frontend-grupo1/components/LayoutAdmin.tsx","statementMap":{"0":{"start":{"line":10,"column":52},"end":{"line":43,"column":1}},"1":{"start":{"line":11,"column":2},"end":{"line":42,"column":4}}},"fnMap":{"0":{"name":"(anonymous_0)","decl":{"start":{"line":10,"column":52},"end":{"line":10,"column":53}},"loc":{"start":{"line":10,"column":70},"end":{"line":43,"column":1}},"line":10}},"branchMap":{},"s":{"0":0,"1":0},"f":{"0":0},"b":{}}
,"/home/dsilvc/frontend-grupo1/components/LogIn.tsx": {"path":"/home/dsilvc/frontend-grupo1/components/LogIn.tsx","statementMap":{"0":{"start":{"line":18,"column":45},"end":{"line":108,"column":1}},"1":{"start":{"line":19,"column":17},"end":{"line":19,"column":28}},"2":{"start":{"line":20,"column":19},"end":{"line":20,"column":35}},"3":{"start":{"line":21,"column":16},"end":{"line":21,"column":72}},"4":{"start":{"line":21,"column":41},"end":{"line":21,"column":70}},"5":{"start":{"line":22,"column":16},"end":{"line":22,"column":72}},"6":{"start":{"line":22,"column":41},"end":{"line":22,"column":70}},"7":{"start":{"line":26,"column":19},"end":{"line":62,"column":3}},"8":{"start":{"line":27,"column":17},"end":{"line":27,"column":34}},"9":{"start":{"line":28,"column":4},"end":{"line":32,"column":5}},"10":{"start":{"line":29,"column":6},"end":{"line":31,"column":7}},"11":{"start":{"line":33,"column":16},"end":{"line":33,"column":55}},"12":{"start":{"line":34,"column":4},"end":{"line":61,"column":8}},"13":{"start":{"line":41,"column":8},"end":{"line":41,"column":39}},"14":{"start":{"line":42,"column":8},"end":{"line":53,"column":9}},"15":{"start":{"line":43,"column":10},"end":{"line":43,"column":58}},"16":{"start":{"line":44,"column":26},"end":{"line":44,"column":55}},"17":{"start":{"line":45,"column":10},"end":{"line":45,"column":30}},"18":{"start":{"line":47,"column":10},"end":{"line":52,"column":11}},"19":{"start":{"line":48,"column":12},"end":{"line":48,"column":55}},"20":{"start":{"line":51,"column":12},"end":{"line":51,"column":41}},"21":{"start":{"line":56,"column":8},"end":{"line":60,"column":9}},"22":{"start":{"line":57,"column":10},"end":{"line":57,"column":53}},"23":{"start":{"line":59,"column":10},"end":{"line":59,"column":62}},"24":{"start":{"line":64,"column":2},"end":{"line":107,"column":4}}},"fnMap":{"0":{"name":"(anonymous_0)","decl":{"start":{"line":18,"column":45},"end":{"line":18,"column":46}},"loc":{"start":{"line":18,"column":63},"end":{"line":108,"column":1}},"line":18},"1":{"name":"(anonymous_1)","decl":{"start":{"line":21,"column":32},"end":{"line":21,"column":33}},"loc":{"start":{"line":21,"column":41},"end":{"line":21,"column":70}},"line":21},"2":{"name":"(anonymous_2)","decl":{"start":{"line":22,"column":32},"end":{"line":22,"column":33}},"loc":{"start":{"line":22,"column":41},"end":{"line":22,"column":70}},"line":22},"3":{"name":"(anonymous_3)","decl":{"start":{"line":26,"column":19},"end":{"line":26,"column":20}},"loc":{"start":{"line":26,"column":35},"end":{"line":62,"column":3}},"line":26},"4":{"name":"(anonymous_4)","decl":{"start":{"line":40,"column":12},"end":{"line":40,"column":13}},"loc":{"start":{"line":40,"column":26},"end":{"line":54,"column":7}},"line":40},"5":{"name":"(anonymous_5)","decl":{"start":{"line":55,"column":13},"end":{"line":55,"column":14}},"loc":{"start":{"line":55,"column":24},"end":{"line":61,"column":7}},"line":55}},"branchMap":{"0":{"loc":{"start":{"line":28,"column":4},"end":{"line":32,"column":5}},"type":"if","locations":[{"start":{"line":28,"column":4},"end":{"line":32,"column":5}},{"start":{},"end":{}}],"line":28},"1":{"loc":{"start":{"line":42,"column":8},"end":{"line":53,"column":9}},"type":"if","locations":[{"start":{"line":42,"column":8},"end":{"line":53,"column":9}},{"start":{},"end":{}}],"line":42},"2":{"loc":{"start":{"line":47,"column":10},"end":{"line":52,"column":11}},"type":"if","locations":[{"start":{"line":47,"column":10},"end":{"line":52,"column":11}},{"start":{"line":49,"column":17},"end":{"line":52,"column":11}}],"line":47},"3":{"loc":{"start":{"line":56,"column":8},"end":{"line":60,"column":9}},"type":"if","locations":[{"start":{"line":56,"column":8},"end":{"line":60,"column":9}},{"start":{"line":58,"column":15},"end":{"line":60,"column":9}}],"line":56}},"s":{"0":0,"1":0,"2":0,"3":0,"4":0,"5":0,"6":0,"7":0,"8":0,"9":0,"10":0,"11":0,"12":0,"13":0,"14":0,"15":0,"16":0,"17":0,"18":0,"19":0,"20":0,"21":0,"22":0,"23":0,"24":0},"f":{"0":0,"1":0,"2":0,"3":0,"4":0,"5":0},"b":{"0":[0,0],"1":[0,0],"2":[0,0],"3":[0,0]}}
,"/home/dsilvc/frontend-grupo1/components/LogInBackground.tsx": {"path":"/home/dsilvc/frontend-grupo1/components/LogInBackground.tsx","statementMap":{"0":{"start":{"line":5,"column":43},"end":{"line":18,"column":1}},"1":{"start":{"line":6,"column":2},"end":{"line":17,"column":4}}},"fnMap":{"0":{"name":"(anonymous_0)","decl":{"start":{"line":5,"column":43},"end":{"line":5,"column":44}},"loc":{"start":{"line":5,"column":49},"end":{"line":18,"column":1}},"line":5}},"branchMap":{},"s":{"0":2,"1":0},"f":{"0":0},"b":{},"_coverageSchema":"1a1c01bbd47fc00a2c39e90264f33305004495a9","hash":"d8bccf0a9cb502085fdbc1d1d9f2e85642041e28"}
,"/home/dsilvc/frontend-grupo1/components/SignIn.tsx": {"path":"/home/dsilvc/frontend-grupo1/components/SignIn.tsx","statementMap":{"0":{"start":{"line":28,"column":45},"end":{"line":129,"column":1}},"1":{"start":{"line":29,"column":17},"end":{"line":29,"column":28}},"2":{"start":{"line":30,"column":19},"end":{"line":30,"column":35}},"3":{"start":{"line":31,"column":16},"end":{"line":31,"column":72}},"4":{"start":{"line":31,"column":42},"end":{"line":31,"column":71}},"5":{"start":{"line":33,"column":2},"end":{"line":37,"column":21}},"6":{"start":{"line":34,"column":4},"end":{"line":36,"column":5}},"7":{"start":{"line":35,"column":6},"end":{"line":35,"column":34}},"8":{"start":{"line":39,"column":19},"end":{"line":75,"column":3}},"9":{"start":{"line":41,"column":24},"end":{"line":41,"column":82}},"10":{"start":{"line":42,"column":4},"end":{"line":74,"column":5}},"11":{"start":{"line":43,"column":6},"end":{"line":45,"column":7}},"12":{"start":{"line":47,"column":9},"end":{"line":74,"column":5}},"13":{"start":{"line":48,"column":18},"end":{"line":48,"column":58}},"14":{"start":{"line":49,"column":6},"end":{"line":73,"column":8}},"15":{"start":{"line":56,"column":8},"end":{"line":56,"column":31}},"16":{"start":{"line":57,"column":8},"end":{"line":57,"column":23}},"17":{"start":{"line":58,"column":8},"end":{"line":58,"column":31}},"18":{"start":{"line":61,"column":32},"end":{"line":69,"column":62}},"19":{"start":{"line":70,"column":8},"end":{"line":72,"column":9}},"20":{"start":{"line":77,"column":2},"end":{"line":128,"column":4}}},"fnMap":{"0":{"name":"(anonymous_0)","decl":{"start":{"line":28,"column":45},"end":{"line":28,"column":46}},"loc":{"start":{"line":28,"column":63},"end":{"line":129,"column":1}},"line":28},"1":{"name":"(anonymous_1)","decl":{"start":{"line":31,"column":31},"end":{"line":31,"column":32}},"loc":{"start":{"line":31,"column":42},"end":{"line":31,"column":71}},"line":31},"2":{"name":"(anonymous_2)","decl":{"start":{"line":33,"column":12},"end":{"line":33,"column":13}},"loc":{"start":{"line":33,"column":18},"end":{"line":37,"column":3}},"line":33},"3":{"name":"(anonymous_3)","decl":{"start":{"line":39,"column":19},"end":{"line":39,"column":20}},"loc":{"start":{"line":39,"column":35},"end":{"line":75,"column":3}},"line":39},"4":{"name":"(anonymous_4)","decl":{"start":{"line":55,"column":14},"end":{"line":55,"column":15}},"loc":{"start":{"line":55,"column":28},"end":{"line":60,"column":7}},"line":55},"5":{"name":"(anonymous_5)","decl":{"start":{"line":60,"column":15},"end":{"line":60,"column":16}},"loc":{"start":{"line":60,"column":26},"end":{"line":73,"column":7}},"line":60}},"branchMap":{"0":{"loc":{"start":{"line":34,"column":4},"end":{"line":36,"column":5}},"type":"if","locations":[{"start":{"line":34,"column":4},"end":{"line":36,"column":5}},{"start":{},"end":{}}],"line":34},"1":{"loc":{"start":{"line":42,"column":4},"end":{"line":74,"column":5}},"type":"if","locations":[{"start":{"line":42,"column":4},"end":{"line":74,"column":5}},{"start":{"line":47,"column":9},"end":{"line":74,"column":5}}],"line":42},"2":{"loc":{"start":{"line":47,"column":9},"end":{"line":74,"column":5}},"type":"if","locations":[{"start":{"line":47,"column":9},"end":{"line":74,"column":5}},{"start":{},"end":{}}],"line":47},"3":{"loc":{"start":{"line":61,"column":32},"end":{"line":69,"column":62}},"type":"cond-expr","locations":[{"start":{"line":62,"column":10},"end":{"line":62,"column":58}},{"start":{"line":63,"column":10},"end":{"line":69,"column":62}}],"line":61},"4":{"loc":{"start":{"line":63,"column":10},"end":{"line":69,"column":62}},"type":"cond-expr","locations":[{"start":{"line":64,"column":10},"end":{"line":64,"column":53}},{"start":{"line":65,"column":10},"end":{"line":69,"column":62}}],"line":63},"5":{"loc":{"start":{"line":65,"column":10},"end":{"line":69,"column":62}},"type":"cond-expr","locations":[{"start":{"line":66,"column":8},"end":{"line":66,"column":58}},{"start":{"line":67,"column":8},"end":{"line":69,"column":62}}],"line":65},"6":{"loc":{"start":{"line":67,"column":8},"end":{"line":69,"column":62}},"type":"cond-expr","locations":[{"start":{"line":68,"column":8},"end":{"line":68,"column":40}},{"start":{"line":69,"column":8},"end":{"line":69,"column":62}}],"line":67}},"s":{"0":0,"1":0,"2":0,"3":0,"4":0,"5":0,"6":0,"7":0,"8":0,"9":0,"10":0,"11":0,"12":0,"13":0,"14":0,"15":0,"16":0,"17":0,"18":0,"19":0,"20":0},"f":{"0":0,"1":0,"2":0,"3":0,"4":0,"5":0},"b":{"0":[0,0],"1":[0,0],"2":[0,0],"3":[0,0],"4":[0,0],"5":[0,0],"6":[0,0]}}
,"/home/dsilvc/frontend-grupo1/pages/index.tsx": {"path":"/home/dsilvc/frontend-grupo1/pages/index.tsx","statementMap":{"0":{"start":{"line":5,"column":2},"end":{"line":8,"column":4}}},"fnMap":{"0":{"name":"Home","decl":{"start":{"line":4,"column":24},"end":{"line":4,"column":28}},"loc":{"start":{"line":4,"column":31},"end":{"line":9,"column":1}},"line":4}},"branchMap":{},"s":{"0":5},"f":{"0":5},"b":{},"_coverageSchema":"1a1c01bbd47fc00a2c39e90264f33305004495a9","hash":"504dc3d1a699ccad29038b9d996d16b10970f5e1"}
,"/home/dsilvc/frontend-grupo1/pages/info.tsx": {"path":"/home/dsilvc/frontend-grupo1/pages/info.tsx","statementMap":{"0":{"start":{"line":10,"column":57},"end":{"line":65,"column":1}},"1":{"start":{"line":11,"column":2},"end":{"line":64,"column":4}}},"fnMap":{"0":{"name":"(anonymous_0)","decl":{"start":{"line":10,"column":57},"end":{"line":10,"column":58}},"loc":{"start":{"line":10,"column":75},"end":{"line":65,"column":1}},"line":10}},"branchMap":{},"s":{"0":1,"1":5},"f":{"0":5},"b":{},"_coverageSchema":"1a1c01bbd47fc00a2c39e90264f33305004495a9","hash":"1ec4b0016936b55bf09a0c739f3efed427e718ed"}
,"/home/dsilvc/frontend-grupo1/pages/admin/OfertasAprobadas.tsx": {"path":"/home/dsilvc/frontend-grupo1/pages/admin/OfertasAprobadas.tsx","statementMap":{"0":{"start":{"line":6,"column":2},"end":{"line":31,"column":4}}},"fnMap":{"0":{"name":"OfertasAprobadas","decl":{"start":{"line":5,"column":24},"end":{"line":5,"column":40}},"loc":{"start":{"line":5,"column":43},"end":{"line":32,"column":1}},"line":5}},"branchMap":{},"s":{"0":0},"f":{"0":0},"b":{}}
,"/home/dsilvc/frontend-grupo1/pages/admin/PendientesAprobacion.tsx": {"path":"/home/dsilvc/frontend-grupo1/pages/admin/PendientesAprobacion.tsx","statementMap":{"0":{"start":{"line":15,"column":34},"end":{"line":15,"column":46}},"1":{"start":{"line":16,"column":16},"end":{"line":16,"column":72}},"2":{"start":{"line":16,"column":42},"end":{"line":16,"column":71}},"3":{"start":{"line":17,"column":17},"end":{"line":17,"column":28}},"4":{"start":{"line":19,"column":2},"end":{"line":24,"column":9}},"5":{"start":{"line":20,"column":4},"end":{"line":22,"column":5}},"6":{"start":{"line":21,"column":6},"end":{"line":21,"column":30}},"7":{"start":{"line":23,"column":4},"end":{"line":23,"column":18}},"8":{"start":{"line":26,"column":22},"end":{"line":41,"column":3}},"9":{"start":{"line":27,"column":16},"end":{"line":27,"column":51}},"10":{"start":{"line":28,"column":4},"end":{"line":40,"column":7}},"11":{"start":{"line":35,"column":31},"end":{"line":35,"column":93}},"12":{"start":{"line":35,"column":75},"end":{"line":35,"column":92}},"13":{"start":{"line":36,"column":6},"end":{"line":36,"column":36}},"14":{"start":{"line":38,"column":6},"end":{"line":38,"column":39}},"15":{"start":{"line":39,"column":6},"end":{"line":39,"column":73}},"16":{"start":{"line":43,"column":21},"end":{"line":65,"column":3}},"17":{"start":{"line":44,"column":16},"end":{"line":44,"column":80}},"18":{"start":{"line":45,"column":20},"end":{"line":47,"column":5}},"19":{"start":{"line":49,"column":4},"end":{"line":64,"column":9}},"20":{"start":{"line":58,"column":8},"end":{"line":58,"column":44}},"21":{"start":{"line":59,"column":8},"end":{"line":59,"column":22}},"22":{"start":{"line":62,"column":8},"end":{"line":62,"column":26}},"23":{"start":{"line":63,"column":8},"end":{"line":63,"column":60}},"24":{"start":{"line":68,"column":2},"end":{"line":109,"column":4}},"25":{"start":{"line":83,"column":14},"end":{"line":101,"column":15}},"26":{"start":{"line":94,"column":62},"end":{"line":94,"column":84}}},"fnMap":{"0":{"name":"PendientesAprobacion","decl":{"start":{"line":14,"column":24},"end":{"line":14,"column":44}},"loc":{"start":{"line":14,"column":47},"end":{"line":110,"column":1}},"line":14},"1":{"name":"(anonymous_1)","decl":{"start":{"line":16,"column":31},"end":{"line":16,"column":32}},"loc":{"start":{"line":16,"column":42},"end":{"line":16,"column":71}},"line":16},"2":{"name":"(anonymous_2)","decl":{"start":{"line":19,"column":12},"end":{"line":19,"column":13}},"loc":{"start":{"line":19,"column":18},"end":{"line":24,"column":3}},"line":19},"3":{"name":"(anonymous_3)","decl":{"start":{"line":26,"column":22},"end":{"line":26,"column":23}},"loc":{"start":{"line":26,"column":28},"end":{"line":41,"column":3}},"line":26},"4":{"name":"(anonymous_4)","decl":{"start":{"line":34,"column":12},"end":{"line":34,"column":13}},"loc":{"start":{"line":34,"column":26},"end":{"line":37,"column":5}},"line":34},"5":{"name":"(anonymous_5)","decl":{"start":{"line":35,"column":57},"end":{"line":35,"column":58}},"loc":{"start":{"line":35,"column":75},"end":{"line":35,"column":92}},"line":35},"6":{"name":"(anonymous_6)","decl":{"start":{"line":37,"column":13},"end":{"line":37,"column":14}},"loc":{"start":{"line":37,"column":24},"end":{"line":40,"column":5}},"line":37},"7":{"name":"(anonymous_7)","decl":{"start":{"line":43,"column":21},"end":{"line":43,"column":22}},"loc":{"start":{"line":43,"column":44},"end":{"line":65,"column":3}},"line":43},"8":{"name":"(anonymous_8)","decl":{"start":{"line":57,"column":12},"end":{"line":57,"column":13}},"loc":{"start":{"line":57,"column":26},"end":{"line":60,"column":7}},"line":57},"9":{"name":"(anonymous_9)","decl":{"start":{"line":61,"column":13},"end":{"line":61,"column":14}},"loc":{"start":{"line":61,"column":24},"end":{"line":64,"column":7}},"line":61},"10":{"name":"(anonymous_10)","decl":{"start":{"line":82,"column":25},"end":{"line":82,"column":26}},"loc":{"start":{"line":82,"column":43},"end":{"line":102,"column":13}},"line":82},"11":{"name":"(anonymous_11)","decl":{"start":{"line":94,"column":56},"end":{"line":94,"column":57}},"loc":{"start":{"line":94,"column":62},"end":{"line":94,"column":84}},"line":94}},"branchMap":{"0":{"loc":{"start":{"line":20,"column":4},"end":{"line":22,"column":5}},"type":"if","locations":[{"start":{"line":20,"column":4},"end":{"line":22,"column":5}},{"start":{},"end":{}}],"line":20},"1":{"loc":{"start":{"line":81,"column":10},"end":{"line":105,"column":11}},"type":"cond-expr","locations":[{"start":{"line":82,"column":12},"end":{"line":102,"column":14}},{"start":{"line":104,"column":12},"end":{"line":104,"column":90}}],"line":81},"2":{"loc":{"start":{"line":81,"column":10},"end":{"line":81,"column":41}},"type":"binary-expr","locations":[{"start":{"line":81,"column":10},"end":{"line":81,"column":18}},{"start":{"line":81,"column":22},"end":{"line":81,"column":41}}],"line":81},"3":{"loc":{"start":{"line":86,"column":38},"end":{"line":86,"column":85}},"type":"cond-expr","locations":[{"start":{"line":86,"column":57},"end":{"line":86,"column":75}},{"start":{"line":86,"column":78},"end":{"line":86,"column":85}}],"line":86}},"s":{"0":0,"1":0,"2":0,"3":0,"4":0,"5":0,"6":0,"7":0,"8":0,"9":0,"10":0,"11":0,"12":0,"13":0,"14":0,"15":0,"16":0,"17":0,"18":0,"19":0,"20":0,"21":0,"22":0,"23":0,"24":0,"25":0,"26":0},"f":{"0":0,"1":0,"2":0,"3":0,"4":0,"5":0,"6":0,"7":0,"8":0,"9":0,"10":0,"11":0},"b":{"0":[0,0],"1":[0,0],"2":[0,0],"3":[0,0]}}
,"/home/dsilvc/frontend-grupo1/pages/main/ExplorarClases.tsx": {"path":"/home/dsilvc/frontend-grupo1/pages/main/ExplorarClases.tsx","statementMap":{"0":{"start":{"line":14,"column":26},"end":{"line":14,"column":70}},"1":{"start":{"line":22,"column":2},"end":{"line":22,"column":42}},"2":{"start":{"line":25,"column":24},"end":{"line":30,"column":1}},"3":{"start":{"line":26,"column":21},"end":{"line":26,"column":56}},"4":{"start":{"line":27,"column":21},"end":{"line":27,"column":97}},"5":{"start":{"line":27,"column":41},"end":{"line":27,"column":74}},"6":{"start":{"line":29,"column":2},"end":{"line":29,"column":96}},"7":{"start":{"line":32,"column":19},"end":{"line":37,"column":1}},"8":{"start":{"line":33,"column":21},"end":{"line":33,"column":56}},"9":{"start":{"line":34,"column":21},"end":{"line":34,"column":85}},"10":{"start":{"line":36,"column":2},"end":{"line":36,"column":52}},"11":{"start":{"line":41,"column":34},"end":{"line":41,"column":46}},"12":{"start":{"line":42,"column":50},"end":{"line":42,"column":62}},"13":{"start":{"line":43,"column":32},"end":{"line":43,"column":44}},"14":{"start":{"line":44,"column":38},"end":{"line":44,"column":53}},"15":{"start":{"line":45,"column":42},"end":{"line":45,"column":57}},"16":{"start":{"line":46,"column":38},"end":{"line":46,"column":49}},"17":{"start":{"line":47,"column":28},"end":{"line":47,"column":40}},"18":{"start":{"line":48,"column":32},"end":{"line":48,"column":47}},"19":{"start":{"line":49,"column":42},"end":{"line":49,"column":56}},"20":{"start":{"line":50,"column":16},"end":{"line":50,"column":72}},"21":{"start":{"line":50,"column":42},"end":{"line":50,"column":71}},"22":{"start":{"line":51,"column":17},"end":{"line":51,"column":28}},"23":{"start":{"line":53,"column":2},"end":{"line":59,"column":9}},"24":{"start":{"line":54,"column":4},"end":{"line":56,"column":5}},"25":{"start":{"line":55,"column":6},"end":{"line":55,"column":29}},"26":{"start":{"line":57,"column":4},"end":{"line":57,"column":18}},"27":{"start":{"line":58,"column":4},"end":{"line":58,"column":17}},"28":{"start":{"line":61,"column":2},"end":{"line":67,"column":19}},"29":{"start":{"line":62,"column":4},"end":{"line":66,"column":5}},"30":{"start":{"line":63,"column":6},"end":{"line":63,"column":20}},"31":{"start":{"line":65,"column":6},"end":{"line":65,"column":19}},"32":{"start":{"line":69,"column":25},"end":{"line":100,"column":3}},"33":{"start":{"line":71,"column":4},"end":{"line":71,"column":34}},"34":{"start":{"line":72,"column":4},"end":{"line":72,"column":22}},"35":{"start":{"line":73,"column":4},"end":{"line":77,"column":5}},"36":{"start":{"line":74,"column":6},"end":{"line":76,"column":7}},"37":{"start":{"line":75,"column":8},"end":{"line":75,"column":53}},"38":{"start":{"line":78,"column":4},"end":{"line":82,"column":5}},"39":{"start":{"line":79,"column":6},"end":{"line":81,"column":7}},"40":{"start":{"line":80,"column":8},"end":{"line":80,"column":51}},"41":{"start":{"line":83,"column":4},"end":{"line":87,"column":5}},"42":{"start":{"line":84,"column":6},"end":{"line":86,"column":7}},"43":{"start":{"line":85,"column":8},"end":{"line":85,"column":39}},"44":{"start":{"line":88,"column":4},"end":{"line":92,"column":5}},"45":{"start":{"line":89,"column":6},"end":{"line":91,"column":7}},"46":{"start":{"line":90,"column":8},"end":{"line":90,"column":44}},"47":{"start":{"line":93,"column":4},"end":{"line":97,"column":5}},"48":{"start":{"line":94,"column":6},"end":{"line":96,"column":7}},"49":{"start":{"line":95,"column":8},"end":{"line":95,"column":45}},"50":{"start":{"line":98,"column":4},"end":{"line":98,"column":44}},"51":{"start":{"line":99,"column":4},"end":{"line":99,"column":34}},"52":{"start":{"line":102,"column":22},"end":{"line":116,"column":3}},"53":{"start":{"line":103,"column":16},"end":{"line":103,"column":51}},"54":{"start":{"line":104,"column":8},"end":{"line":115,"column":10}},"55":{"start":{"line":111,"column":10},"end":{"line":111,"column":87}},"56":{"start":{"line":111,"column":60},"end":{"line":111,"column":85}},"57":{"start":{"line":112,"column":10},"end":{"line":112,"column":95}},"58":{"start":{"line":112,"column":68},"end":{"line":112,"column":93}},"59":{"start":{"line":114,"column":10},"end":{"line":114,"column":76}},"60":{"start":{"line":118,"column":21},"end":{"line":134,"column":3}},"61":{"start":{"line":119,"column":16},"end":{"line":119,"column":48}},"62":{"start":{"line":120,"column":8},"end":{"line":133,"column":10}},"63":{"start":{"line":127,"column":10},"end":{"line":127,"column":40}},"64":{"start":{"line":128,"column":37},"end":{"line":128,"column":79}},"65":{"start":{"line":128,"column":72},"end":{"line":128,"column":78}},"66":{"start":{"line":129,"column":10},"end":{"line":129,"column":35}},"67":{"start":{"line":130,"column":10},"end":{"line":130,"column":103}},"68":{"start":{"line":130,"column":66},"end":{"line":130,"column":101}},"69":{"start":{"line":132,"column":10},"end":{"line":132,"column":73}},"70":{"start":{"line":136,"column":26},"end":{"line":152,"column":3}},"71":{"start":{"line":137,"column":17},"end":{"line":137,"column":146}},"72":{"start":{"line":138,"column":16},"end":{"line":138,"column":51}},"73":{"start":{"line":140,"column":4},"end":{"line":151,"column":6}},"74":{"start":{"line":147,"column":6},"end":{"line":147,"column":32}},"75":{"start":{"line":149,"column":6},"end":{"line":149,"column":24}},"76":{"start":{"line":150,"column":6},"end":{"line":150,"column":66}},"77":{"start":{"line":154,"column":20},"end":{"line":167,"column":3}},"78":{"start":{"line":155,"column":16},"end":{"line":155,"column":49}},"79":{"start":{"line":156,"column":4},"end":{"line":166,"column":6}},"80":{"start":{"line":163,"column":6},"end":{"line":163,"column":88}},"81":{"start":{"line":165,"column":6},"end":{"line":165,"column":58}},"82":{"start":{"line":169,"column":2},"end":{"line":340,"column":4}},"83":{"start":{"line":176,"column":33},"end":{"line":176,"column":59}},"84":{"start":{"line":185,"column":26},"end":{"line":185,"column":56}},"85":{"start":{"line":193,"column":12},"end":{"line":212,"column":13}},"86":{"start":{"line":204,"column":58},"end":{"line":204,"column":79}},"87":{"start":{"line":225,"column":26},"end":{"line":225,"column":52}},"88":{"start":{"line":243,"column":28},"end":{"line":243,"column":46}},"89":{"start":{"line":247,"column":55},"end":{"line":250,"column":43}},"90":{"start":{"line":275,"column":26},"end":{"line":275,"column":56}},"91":{"start":{"line":296,"column":55},"end":{"line":299,"column":43}},"92":{"start":{"line":314,"column":48},"end":{"line":317,"column":43}},"93":{"start":{"line":324,"column":79},"end":{"line":324,"column":120}}},"fnMap":{"0":{"name":"toArr","decl":{"start":{"line":21,"column":9},"end":{"line":21,"column":14}},"loc":{"start":{"line":21,"column":80},"end":{"line":23,"column":1}},"line":21},"1":{"name":"(anonymous_1)","decl":{"start":{"line":25,"column":24},"end":{"line":25,"column":25}},"loc":{"start":{"line":25,"column":72},"end":{"line":30,"column":1}},"line":25},"2":{"name":"(anonymous_2)","decl":{"start":{"line":27,"column":35},"end":{"line":27,"column":36}},"loc":{"start":{"line":27,"column":41},"end":{"line":27,"column":74}},"line":27},"3":{"name":"(anonymous_3)","decl":{"start":{"line":32,"column":19},"end":{"line":32,"column":20}},"loc":{"start":{"line":32,"column":58},"end":{"line":37,"column":1}},"line":32},"4":{"name":"Explorar","decl":{"start":{"line":40,"column":24},"end":{"line":40,"column":32}},"loc":{"start":{"line":40,"column":35},"end":{"line":341,"column":1}},"line":40},"5":{"name":"(anonymous_5)","decl":{"start":{"line":50,"column":31},"end":{"line":50,"column":32}},"loc":{"start":{"line":50,"column":42},"end":{"line":50,"column":71}},"line":50},"6":{"name":"(anonymous_6)","decl":{"start":{"line":53,"column":12},"end":{"line":53,"column":13}},"loc":{"start":{"line":53,"column":18},"end":{"line":59,"column":3}},"line":53},"7":{"name":"(anonymous_7)","decl":{"start":{"line":61,"column":12},"end":{"line":61,"column":13}},"loc":{"start":{"line":61,"column":18},"end":{"line":67,"column":3}},"line":61},"8":{"name":"(anonymous_8)","decl":{"start":{"line":69,"column":25},"end":{"line":69,"column":26}},"loc":{"start":{"line":69,"column":41},"end":{"line":100,"column":3}},"line":69},"9":{"name":"(anonymous_9)","decl":{"start":{"line":74,"column":52},"end":{"line":74,"column":53}},"loc":{"start":{"line":75,"column":8},"end":{"line":75,"column":53}},"line":75},"10":{"name":"(anonymous_10)","decl":{"start":{"line":79,"column":55},"end":{"line":79,"column":56}},"loc":{"start":{"line":80,"column":8},"end":{"line":80,"column":51}},"line":80},"11":{"name":"(anonymous_11)","decl":{"start":{"line":84,"column":55},"end":{"line":84,"column":56}},"loc":{"start":{"line":85,"column":8},"end":{"line":85,"column":39}},"line":85},"12":{"name":"(anonymous_12)","decl":{"start":{"line":89,"column":55},"end":{"line":89,"column":56}},"loc":{"start":{"line":90,"column":8},"end":{"line":90,"column":44}},"line":90},"13":{"name":"(anonymous_13)","decl":{"start":{"line":94,"column":55},"end":{"line":94,"column":56}},"loc":{"start":{"line":95,"column":8},"end":{"line":95,"column":45}},"line":95},"14":{"name":"(anonymous_14)","decl":{"start":{"line":102,"column":22},"end":{"line":102,"column":23}},"loc":{"start":{"line":102,"column":28},"end":{"line":116,"column":3}},"line":102},"15":{"name":"(anonymous_15)","decl":{"start":{"line":110,"column":16},"end":{"line":110,"column":17}},"loc":{"start":{"line":110,"column":30},"end":{"line":113,"column":9}},"line":110},"16":{"name":"(anonymous_16)","decl":{"start":{"line":111,"column":48},"end":{"line":111,"column":49}},"loc":{"start":{"line":111,"column":60},"end":{"line":111,"column":85}},"line":111},"17":{"name":"(anonymous_17)","decl":{"start":{"line":112,"column":56},"end":{"line":112,"column":57}},"loc":{"start":{"line":112,"column":68},"end":{"line":112,"column":93}},"line":112},"18":{"name":"(anonymous_18)","decl":{"start":{"line":113,"column":17},"end":{"line":113,"column":18}},"loc":{"start":{"line":113,"column":28},"end":{"line":115,"column":9}},"line":113},"19":{"name":"(anonymous_19)","decl":{"start":{"line":118,"column":21},"end":{"line":118,"column":22}},"loc":{"start":{"line":118,"column":27},"end":{"line":134,"column":3}},"line":118},"20":{"name":"(anonymous_20)","decl":{"start":{"line":126,"column":16},"end":{"line":126,"column":17}},"loc":{"start":{"line":126,"column":30},"end":{"line":131,"column":9}},"line":126},"21":{"name":"(anonymous_21)","decl":{"start":{"line":128,"column":60},"end":{"line":128,"column":61}},"loc":{"start":{"line":128,"column":72},"end":{"line":128,"column":78}},"line":128},"22":{"name":"(anonymous_22)","decl":{"start":{"line":130,"column":39},"end":{"line":130,"column":40}},"loc":{"start":{"line":130,"column":66},"end":{"line":130,"column":101}},"line":130},"23":{"name":"(anonymous_23)","decl":{"start":{"line":131,"column":17},"end":{"line":131,"column":18}},"loc":{"start":{"line":131,"column":28},"end":{"line":133,"column":9}},"line":131},"24":{"name":"(anonymous_24)","decl":{"start":{"line":136,"column":26},"end":{"line":136,"column":27}},"loc":{"start":{"line":136,"column":42},"end":{"line":152,"column":3}},"line":136},"25":{"name":"(anonymous_25)","decl":{"start":{"line":146,"column":12},"end":{"line":146,"column":13}},"loc":{"start":{"line":146,"column":26},"end":{"line":148,"column":5}},"line":146},"26":{"name":"(anonymous_26)","decl":{"start":{"line":148,"column":13},"end":{"line":148,"column":14}},"loc":{"start":{"line":148,"column":24},"end":{"line":151,"column":5}},"line":148},"27":{"name":"(anonymous_27)","decl":{"start":{"line":154,"column":20},"end":{"line":154,"column":21}},"loc":{"start":{"line":154,"column":43},"end":{"line":167,"column":3}},"line":154},"28":{"name":"(anonymous_28)","decl":{"start":{"line":162,"column":12},"end":{"line":162,"column":13}},"loc":{"start":{"line":162,"column":26},"end":{"line":164,"column":5}},"line":162},"29":{"name":"(anonymous_29)","decl":{"start":{"line":164,"column":13},"end":{"line":164,"column":14}},"loc":{"start":{"line":164,"column":24},"end":{"line":166,"column":5}},"line":164},"30":{"name":"(anonymous_30)","decl":{"start":{"line":176,"column":27},"end":{"line":176,"column":28}},"loc":{"start":{"line":176,"column":33},"end":{"line":176,"column":59}},"line":176},"31":{"name":"(anonymous_31)","decl":{"start":{"line":185,"column":20},"end":{"line":185,"column":21}},"loc":{"start":{"line":185,"column":26},"end":{"line":185,"column":56}},"line":185},"32":{"name":"(anonymous_32)","decl":{"start":{"line":192,"column":31},"end":{"line":192,"column":32}},"loc":{"start":{"line":192,"column":54},"end":{"line":213,"column":11}},"line":192},"33":{"name":"(anonymous_33)","decl":{"start":{"line":204,"column":52},"end":{"line":204,"column":53}},"loc":{"start":{"line":204,"column":58},"end":{"line":204,"column":79}},"line":204},"34":{"name":"(anonymous_34)","decl":{"start":{"line":225,"column":20},"end":{"line":225,"column":21}},"loc":{"start":{"line":225,"column":26},"end":{"line":225,"column":52}},"line":225},"35":{"name":"(anonymous_35)","decl":{"start":{"line":243,"column":21},"end":{"line":243,"column":22}},"loc":{"start":{"line":243,"column":28},"end":{"line":243,"column":46}},"line":243},"36":{"name":"(anonymous_36)","decl":{"start":{"line":247,"column":36},"end":{"line":247,"column":37}},"loc":{"start":{"line":247,"column":53},"end":{"line":250,"column":44}},"line":247},"37":{"name":"(anonymous_37)","decl":{"start":{"line":275,"column":20},"end":{"line":275,"column":21}},"loc":{"start":{"line":275,"column":26},"end":{"line":275,"column":56}},"line":275},"38":{"name":"(anonymous_38)","decl":{"start":{"line":296,"column":36},"end":{"line":296,"column":37}},"loc":{"start":{"line":296,"column":53},"end":{"line":299,"column":44}},"line":296},"39":{"name":"(anonymous_39)","decl":{"start":{"line":314,"column":34},"end":{"line":314,"column":35}},"loc":{"start":{"line":314,"column":46},"end":{"line":317,"column":44}},"line":314},"40":{"name":"(anonymous_40)","decl":{"start":{"line":324,"column":68},"end":{"line":324,"column":69}},"loc":{"start":{"line":324,"column":79},"end":{"line":324,"column":120}},"line":324}},"branchMap":{"0":{"loc":{"start":{"line":22,"column":9},"end":{"line":22,"column":41}},"type":"cond-expr","locations":[{"start":{"line":22,"column":30},"end":{"line":22,"column":33}},{"start":{"line":22,"column":36},"end":{"line":22,"column":41}}],"line":22},"1":{"loc":{"start":{"line":34,"column":21},"end":{"line":34,"column":85}},"type":"cond-expr","locations":[{"start":{"line":34,"column":42},"end":{"line":34,"column":73}},{"start":{"line":34,"column":76},"end":{"line":34,"column":85}}],"line":34},"2":{"loc":{"start":{"line":54,"column":4},"end":{"line":56,"column":5}},"type":"if","locations":[{"start":{"line":54,"column":4},"end":{"line":56,"column":5}},{"start":{},"end":{}}],"line":54},"3":{"loc":{"start":{"line":62,"column":4},"end":{"line":66,"column":5}},"type":"if","locations":[{"start":{"line":62,"column":4},"end":{"line":66,"column":5}},{"start":{"line":64,"column":11},"end":{"line":66,"column":5}}],"line":62},"4":{"loc":{"start":{"line":73,"column":4},"end":{"line":77,"column":5}},"type":"if","locations":[{"start":{"line":73,"column":4},"end":{"line":77,"column":5}},{"start":{},"end":{}}],"line":73},"5":{"loc":{"start":{"line":73,"column":8},"end":{"line":73,"column":67}},"type":"binary-expr","locations":[{"start":{"line":73,"column":8},"end":{"line":73,"column":30}},{"start":{"line":73,"column":34},"end":{"line":73,"column":67}}],"line":73},"6":{"loc":{"start":{"line":78,"column":4},"end":{"line":82,"column":5}},"type":"if","locations":[{"start":{"line":78,"column":4},"end":{"line":82,"column":5}},{"start":{},"end":{}}],"line":78},"7":{"loc":{"start":{"line":78,"column":9},"end":{"line":78,"column":60}},"type":"binary-expr","locations":[{"start":{"line":78,"column":9},"end":{"line":78,"column":27}},{"start":{"line":78,"column":31},"end":{"line":78,"column":60}}],"line":78},"8":{"loc":{"start":{"line":83,"column":4},"end":{"line":87,"column":5}},"type":"if","locations":[{"start":{"line":83,"column":4},"end":{"line":87,"column":5}},{"start":{},"end":{}}],"line":83},"9":{"loc":{"start":{"line":83,"column":9},"end":{"line":83,"column":59}},"type":"binary-expr","locations":[{"start":{"line":83,"column":9},"end":{"line":83,"column":27}},{"start":{"line":83,"column":31},"end":{"line":83,"column":59}}],"line":83},"10":{"loc":{"start":{"line":88,"column":4},"end":{"line":92,"column":5}},"type":"if","locations":[{"start":{"line":88,"column":4},"end":{"line":92,"column":5}},{"start":{},"end":{}}],"line":88},"11":{"loc":{"start":{"line":88,"column":8},"end":{"line":88,"column":65}},"type":"binary-expr","locations":[{"start":{"line":88,"column":8},"end":{"line":88,"column":32}},{"start":{"line":88,"column":36},"end":{"line":88,"column":65}}],"line":88},"12":{"loc":{"start":{"line":93,"column":4},"end":{"line":97,"column":5}},"type":"if","locations":[{"start":{"line":93,"column":4},"end":{"line":97,"column":5}},{"start":{},"end":{}}],"line":93},"13":{"loc":{"start":{"line":93,"column":8},"end":{"line":93,"column":65}},"type":"binary-expr","locations":[{"start":{"line":93,"column":8},"end":{"line":93,"column":32}},{"start":{"line":93,"column":36},"end":{"line":93,"column":65}}],"line":93},"14":{"loc":{"start":{"line":111,"column":60},"end":{"line":111,"column":85}},"type":"binary-expr","locations":[{"start":{"line":111,"column":60},"end":{"line":111,"column":71}},{"start":{"line":111,"column":75},"end":{"line":111,"column":85}}],"line":111},"15":{"loc":{"start":{"line":112,"column":68},"end":{"line":112,"column":93}},"type":"binary-expr","locations":[{"start":{"line":112,"column":68},"end":{"line":112,"column":79}},{"start":{"line":112,"column":83},"end":{"line":112,"column":93}}],"line":112},"16":{"loc":{"start":{"line":191,"column":10},"end":{"line":216,"column":11}},"type":"cond-expr","locations":[{"start":{"line":192,"column":10},"end":{"line":213,"column":12}},{"start":{"line":215,"column":12},"end":{"line":215,"column":90}}],"line":191},"17":{"loc":{"start":{"line":191,"column":10},"end":{"line":191,"column":41}},"type":"binary-expr","locations":[{"start":{"line":191,"column":10},"end":{"line":191,"column":18}},{"start":{"line":191,"column":22},"end":{"line":191,"column":41}}],"line":191},"18":{"loc":{"start":{"line":196,"column":34},"end":{"line":196,"column":81}},"type":"cond-expr","locations":[{"start":{"line":196,"column":53},"end":{"line":196,"column":71}},{"start":{"line":196,"column":74},"end":{"line":196,"column":81}}],"line":196},"19":{"loc":{"start":{"line":196,"column":165},"end":{"line":196,"column":220}},"type":"cond-expr","locations":[{"start":{"line":196,"column":196},"end":{"line":196,"column":206}},{"start":{"line":196,"column":208},"end":{"line":196,"column":220}}],"line":196},"20":{"loc":{"start":{"line":199,"column":56},"end":{"line":199,"column":123}},"type":"cond-expr","locations":[{"start":{"line":199,"column":85},"end":{"line":199,"column":99}},{"start":{"line":199,"column":101},"end":{"line":199,"column":123}}],"line":199},"21":{"loc":{"start":{"line":219,"column":7},"end":{"line":268,"column":7}},"type":"binary-expr","locations":[{"start":{"line":219,"column":7},"end":{"line":219,"column":17}},{"start":{"line":220,"column":8},"end":{"line":267,"column":16}}],"line":219},"22":{"loc":{"start":{"line":269,"column":8},"end":{"line":338,"column":7}},"type":"binary-expr","locations":[{"start":{"line":269,"column":8},"end":{"line":269,"column":20}},{"start":{"line":270,"column":8},"end":{"line":337,"column":16}}],"line":269}},"s":{"0":0,"1":0,"2":0,"3":0,"4":0,"5":0,"6":0,"7":0,"8":0,"9":0,"10":0,"11":0,"12":0,"13":0,"14":0,"15":0,"16":0,"17":0,"18":0,"19":0,"20":0,"21":0,"22":0,"23":0,"24":0,"25":0,"26":0,"27":0,"28":0,"29":0,"30":0,"31":0,"32":0,"33":0,"34":0,"35":0,"36":0,"37":0,"38":0,"39":0,"40":0,"41":0,"42":0,"43":0,"44":0,"45":0,"46":0,"47":0,"48":0,"49":0,"50":0,"51":0,"52":0,"53":0,"54":0,"55":0,"56":0,"57":0,"58":0,"59":0,"60":0,"61":0,"62":0,"63":0,"64":0,"65":0,"66":0,"67":0,"68":0,"69":0,"70":0,"71":0,"72":0,"73":0,"74":0,"75":0,"76":0,"77":0,"78":0,"79":0,"80":0,"81":0,"82":0,"83":0,"84":0,"85":0,"86":0,"87":0,"88":0,"89":0,"90":0,"91":0,"92":0,"93":0},"f":{"0":0,"1":0,"2":0,"3":0,"4":0,"5":0,"6":0,"7":0,"8":0,"9":0,"10":0,"11":0,"12":0,"13":0,"14":0,"15":0,"16":0,"17":0,"18":0,"19":0,"20":0,"21":0,"22":0,"23":0,"24":0,"25":0,"26":0,"27":0,"28":0,"29":0,"30":0,"31":0,"32":0,"33":0,"34":0,"35":0,"36":0,"37":0,"38":0,"39":0,"40":0},"b":{"0":[0,0],"1":[0,0],"2":[0,0],"3":[0,0],"4":[0,0],"5":[0,0],"6":[0,0],"7":[0,0],"8":[0,0],"9":[0,0],"10":[0,0],"11":[0,0],"12":[0,0],"13":[0,0],"14":[0,0],"15":[0,0],"16":[0,0],"17":[0,0],"18":[0,0],"19":[0,0],"20":[0,0],"21":[0,0],"22":[0,0]}}
,"/home/dsilvc/frontend-grupo1/pages/main/Historial.tsx": {"path":"/home/dsilvc/frontend-grupo1/pages/main/Historial.tsx","statementMap":{"0":{"start":{"line":9,"column":28},"end":{"line":44,"column":1}},"1":{"start":{"line":25,"column":6},"end":{"line":27,"column":14}},"2":{"start":{"line":35,"column":6},"end":{"line":40,"column":14}},"3":{"start":{"line":37,"column":10},"end":{"line":37,"column":45}},"4":{"start":{"line":46,"column":26},"end":{"line":116,"column":1}},"5":{"start":{"line":52,"column":6},"end":{"line":54,"column":14}},"6":{"start":{"line":68,"column":6},"end":{"line":70,"column":14}},"7":{"start":{"line":78,"column":6},"end":{"line":80,"column":14}},"8":{"start":{"line":88,"column":6},"end":{"line":90,"column":14}},"9":{"start":{"line":99,"column":6},"end":{"line":102,"column":14}},"10":{"start":{"line":111,"column":6},"end":{"line":113,"column":14}},"11":{"start":{"line":122,"column":16},"end":{"line":122,"column":72}},"12":{"start":{"line":122,"column":42},"end":{"line":122,"column":71}},"13":{"start":{"line":123,"column":17},"end":{"line":123,"column":28}},"14":{"start":{"line":124,"column":36},"end":{"line":124,"column":48}},"15":{"start":{"line":125,"column":32},"end":{"line":125,"column":44}},"16":{"start":{"line":127,"column":2},"end":{"line":130,"column":8}},"17":{"start":{"line":128,"column":4},"end":{"line":128,"column":23}},"18":{"start":{"line":129,"column":4},"end":{"line":129,"column":21}},"19":{"start":{"line":131,"column":28},"end":{"line":144,"column":3}},"20":{"start":{"line":132,"column":16},"end":{"line":132,"column":66}},"21":{"start":{"line":133,"column":8},"end":{"line":143,"column":10}},"22":{"start":{"line":140,"column":10},"end":{"line":140,"column":41}},"23":{"start":{"line":142,"column":10},"end":{"line":142,"column":76}},"24":{"start":{"line":146,"column":26},"end":{"line":160,"column":3}},"25":{"start":{"line":147,"column":16},"end":{"line":147,"column":62}},"26":{"start":{"line":148,"column":8},"end":{"line":159,"column":10}},"27":{"start":{"line":155,"column":10},"end":{"line":155,"column":39}},"28":{"start":{"line":156,"column":10},"end":{"line":156,"column":41}},"29":{"start":{"line":158,"column":10},"end":{"line":158,"column":76}},"30":{"start":{"line":161,"column":2},"end":{"line":175,"column":4}}},"fnMap":{"0":{"name":"(anonymous_0)","decl":{"start":{"line":24,"column":12},"end":{"line":24,"column":13}},"loc":{"start":{"line":25,"column":6},"end":{"line":27,"column":14}},"line":25},"1":{"name":"(anonymous_1)","decl":{"start":{"line":34,"column":12},"end":{"line":34,"column":13}},"loc":{"start":{"line":35,"column":6},"end":{"line":40,"column":14}},"line":35},"2":{"name":"(anonymous_2)","decl":{"start":{"line":36,"column":51},"end":{"line":36,"column":52}},"loc":{"start":{"line":36,"column":109},"end":{"line":38,"column":11}},"line":36},"3":{"name":"(anonymous_3)","decl":{"start":{"line":51,"column":12},"end":{"line":51,"column":13}},"loc":{"start":{"line":52,"column":6},"end":{"line":54,"column":14}},"line":52},"4":{"name":"(anonymous_4)","decl":{"start":{"line":67,"column":12},"end":{"line":67,"column":13}},"loc":{"start":{"line":68,"column":6},"end":{"line":70,"column":14}},"line":68},"5":{"name":"(anonymous_5)","decl":{"start":{"line":77,"column":12},"end":{"line":77,"column":13}},"loc":{"start":{"line":78,"column":6},"end":{"line":80,"column":14}},"line":78},"6":{"name":"(anonymous_6)","decl":{"start":{"line":87,"column":12},"end":{"line":87,"column":13}},"loc":{"start":{"line":88,"column":6},"end":{"line":90,"column":14}},"line":88},"7":{"name":"(anonymous_7)","decl":{"start":{"line":98,"column":12},"end":{"line":98,"column":13}},"loc":{"start":{"line":99,"column":6},"end":{"line":102,"column":14}},"line":99},"8":{"name":"(anonymous_8)","decl":{"start":{"line":110,"column":12},"end":{"line":110,"column":13}},"loc":{"start":{"line":111,"column":6},"end":{"line":113,"column":14}},"line":111},"9":{"name":"Historial","decl":{"start":{"line":121,"column":24},"end":{"line":121,"column":33}},"loc":{"start":{"line":121,"column":36},"end":{"line":176,"column":1}},"line":121},"10":{"name":"(anonymous_10)","decl":{"start":{"line":122,"column":31},"end":{"line":122,"column":32}},"loc":{"start":{"line":122,"column":42},"end":{"line":122,"column":71}},"line":122},"11":{"name":"(anonymous_11)","decl":{"start":{"line":127,"column":12},"end":{"line":127,"column":13}},"loc":{"start":{"line":127,"column":18},"end":{"line":130,"column":3}},"line":127},"12":{"name":"(anonymous_12)","decl":{"start":{"line":131,"column":28},"end":{"line":131,"column":29}},"loc":{"start":{"line":131,"column":34},"end":{"line":144,"column":3}},"line":131},"13":{"name":"(anonymous_13)","decl":{"start":{"line":139,"column":16},"end":{"line":139,"column":17}},"loc":{"start":{"line":139,"column":30},"end":{"line":141,"column":9}},"line":139},"14":{"name":"(anonymous_14)","decl":{"start":{"line":141,"column":17},"end":{"line":141,"column":18}},"loc":{"start":{"line":141,"column":28},"end":{"line":143,"column":9}},"line":141},"15":{"name":"(anonymous_15)","decl":{"start":{"line":146,"column":26},"end":{"line":146,"column":27}},"loc":{"start":{"line":146,"column":32},"end":{"line":160,"column":3}},"line":146},"16":{"name":"(anonymous_16)","decl":{"start":{"line":154,"column":16},"end":{"line":154,"column":17}},"loc":{"start":{"line":154,"column":30},"end":{"line":157,"column":9}},"line":154},"17":{"name":"(anonymous_17)","decl":{"start":{"line":157,"column":17},"end":{"line":157,"column":18}},"loc":{"start":{"line":157,"column":28},"end":{"line":159,"column":9}},"line":157}},"branchMap":{"0":{"loc":{"start":{"line":69,"column":9},"end":{"line":69,"column":64}},"type":"cond-expr","locations":[{"start":{"line":69,"column":40},"end":{"line":69,"column":50}},{"start":{"line":69,"column":52},"end":{"line":69,"column":64}}],"line":69},"1":{"loc":{"start":{"line":100,"column":37},"end":{"line":100,"column":91}},"type":"cond-expr","locations":[{"start":{"line":100,"column":63},"end":{"line":100,"column":87}},{"start":{"line":100,"column":90},"end":{"line":100,"column":91}}],"line":100},"2":{"loc":{"start":{"line":112,"column":9},"end":{"line":112,"column":45}},"type":"cond-expr","locations":[{"start":{"line":112,"column":36},"end":{"line":112,"column":40}},{"start":{"line":112,"column":41},"end":{"line":112,"column":45}}],"line":112}},"s":{"0":1,"1":0,"2":0,"3":0,"4":1,"5":0,"6":0,"7":0,"8":0,"9":0,"10":0,"11":5,"12":0,"13":0,"14":0,"15":0,"16":0,"17":0,"18":0,"19":0,"20":0,"21":0,"22":0,"23":0,"24":0,"25":0,"26":0,"27":0,"28":0,"29":0,"30":0},"f":{"0":0,"1":0,"2":0,"3":0,"4":0,"5":0,"6":0,"7":0,"8":0,"9":5,"10":0,"11":0,"12":0,"13":0,"14":0,"15":0,"16":0,"17":0},"b":{"0":[0,0],"1":[0,0],"2":[0,0]},"_coverageSchema":"1a1c01bbd47fc00a2c39e90264f33305004495a9","hash":"d14c56f9bfaaf75edbdbdcee2230992638a7df91"}
,"/home/dsilvc/frontend-grupo1/pages/main/MisServicios.tsx": {"path":"/home/dsilvc/frontend-grupo1/pages/main/MisServicios.tsx","statementMap":{"0":{"start":{"line":9,"column":23},"end":{"line":9,"column":66}},"1":{"start":{"line":9,"column":29},"end":{"line":9,"column":66}},"2":{"start":{"line":15,"column":36},"end":{"line":15,"column":55}},"3":{"start":{"line":16,"column":38},"end":{"line":16,"column":53}},"4":{"start":{"line":17,"column":16},"end":{"line":17,"column":72}},"5":{"start":{"line":17,"column":42},"end":{"line":17,"column":71}},"6":{"start":{"line":18,"column":17},"end":{"line":18,"column":28}},"7":{"start":{"line":19,"column":40},"end":{"line":19,"column":59}},"8":{"start":{"line":21,"column":30},"end":{"line":82,"column":3}},"9":{"start":{"line":37,"column":8},"end":{"line":39,"column":16}},"10":{"start":{"line":48,"column":8},"end":{"line":55,"column":16}},"11":{"start":{"line":52,"column":51},"end":{"line":52,"column":76}},"12":{"start":{"line":53,"column":28},"end":{"line":53,"column":51}},"13":{"start":{"line":65,"column":8},"end":{"line":70,"column":16}},"14":{"start":{"line":67,"column":12},"end":{"line":67,"column":47}},"15":{"start":{"line":79,"column":10},"end":{"line":79,"column":153}},"16":{"start":{"line":79,"column":109},"end":{"line":79,"column":131}},"17":{"start":{"line":84,"column":2},"end":{"line":89,"column":9}},"18":{"start":{"line":85,"column":4},"end":{"line":87,"column":5}},"19":{"start":{"line":86,"column":6},"end":{"line":86,"column":29}},"20":{"start":{"line":88,"column":4},"end":{"line":88,"column":24}},"21":{"start":{"line":91,"column":2},"end":{"line":96,"column":19}},"22":{"start":{"line":92,"column":4},"end":{"line":95,"column":5}},"23":{"start":{"line":93,"column":6},"end":{"line":93,"column":26}},"24":{"start":{"line":98,"column":28},"end":{"line":112,"column":3}},"25":{"start":{"line":99,"column":16},"end":{"line":99,"column":66}},"26":{"start":{"line":100,"column":8},"end":{"line":111,"column":10}},"27":{"start":{"line":107,"column":10},"end":{"line":107,"column":41}},"28":{"start":{"line":108,"column":10},"end":{"line":108,"column":51}},"29":{"start":{"line":110,"column":10},"end":{"line":110,"column":76}},"30":{"start":{"line":115,"column":30},"end":{"line":131,"column":3}},"31":{"start":{"line":116,"column":26},"end":{"line":116,"column":78}},"32":{"start":{"line":116,"column":56},"end":{"line":116,"column":74}},"33":{"start":{"line":117,"column":4},"end":{"line":117,"column":42}},"34":{"start":{"line":118,"column":16},"end":{"line":118,"column":65}},"35":{"start":{"line":119,"column":8},"end":{"line":130,"column":10}},"36":{"start":{"line":126,"column":10},"end":{"line":126,"column":29}},"37":{"start":{"line":127,"column":10},"end":{"line":127,"column":51}},"38":{"start":{"line":129,"column":10},"end":{"line":129,"column":76}},"39":{"start":{"line":134,"column":2},"end":{"line":174,"column":3}},"40":{"start":{"line":152,"column":26},"end":{"line":152,"column":44}},"41":{"start":{"line":157,"column":8},"end":{"line":157,"column":43}},"42":{"start":{"line":161,"column":11},"end":{"line":169,"column":19}}},"fnMap":{"0":{"name":"(anonymous_0)","decl":{"start":{"line":9,"column":23},"end":{"line":9,"column":24}},"loc":{"start":{"line":9,"column":29},"end":{"line":9,"column":66}},"line":9},"1":{"name":"MisServicios","decl":{"start":{"line":14,"column":24},"end":{"line":14,"column":36}},"loc":{"start":{"line":14,"column":39},"end":{"line":175,"column":1}},"line":14},"2":{"name":"(anonymous_2)","decl":{"start":{"line":17,"column":31},"end":{"line":17,"column":32}},"loc":{"start":{"line":17,"column":42},"end":{"line":17,"column":71}},"line":17},"3":{"name":"(anonymous_3)","decl":{"start":{"line":36,"column":14},"end":{"line":36,"column":15}},"loc":{"start":{"line":37,"column":8},"end":{"line":39,"column":16}},"line":37},"4":{"name":"(anonymous_4)","decl":{"start":{"line":47,"column":14},"end":{"line":47,"column":15}},"loc":{"start":{"line":48,"column":8},"end":{"line":55,"column":16}},"line":48},"5":{"name":"(anonymous_5)","decl":{"start":{"line":52,"column":39},"end":{"line":52,"column":40}},"loc":{"start":{"line":52,"column":51},"end":{"line":52,"column":76}},"line":52},"6":{"name":"(anonymous_6)","decl":{"start":{"line":53,"column":22},"end":{"line":53,"column":23}},"loc":{"start":{"line":53,"column":28},"end":{"line":53,"column":51}},"line":53},"7":{"name":"(anonymous_7)","decl":{"start":{"line":64,"column":14},"end":{"line":64,"column":15}},"loc":{"start":{"line":65,"column":8},"end":{"line":70,"column":16}},"line":65},"8":{"name":"(anonymous_8)","decl":{"start":{"line":66,"column":53},"end":{"line":66,"column":54}},"loc":{"start":{"line":66,"column":111},"end":{"line":68,"column":13}},"line":66},"9":{"name":"(anonymous_9)","decl":{"start":{"line":78,"column":14},"end":{"line":78,"column":15}},"loc":{"start":{"line":79,"column":10},"end":{"line":79,"column":153}},"line":79},"10":{"name":"(anonymous_10)","decl":{"start":{"line":79,"column":103},"end":{"line":79,"column":104}},"loc":{"start":{"line":79,"column":109},"end":{"line":79,"column":131}},"line":79},"11":{"name":"(anonymous_11)","decl":{"start":{"line":84,"column":12},"end":{"line":84,"column":13}},"loc":{"start":{"line":84,"column":18},"end":{"line":89,"column":3}},"line":84},"12":{"name":"(anonymous_12)","decl":{"start":{"line":91,"column":12},"end":{"line":91,"column":13}},"loc":{"start":{"line":91,"column":18},"end":{"line":96,"column":3}},"line":91},"13":{"name":"(anonymous_13)","decl":{"start":{"line":98,"column":28},"end":{"line":98,"column":29}},"loc":{"start":{"line":98,"column":34},"end":{"line":112,"column":3}},"line":98},"14":{"name":"(anonymous_14)","decl":{"start":{"line":106,"column":16},"end":{"line":106,"column":17}},"loc":{"start":{"line":106,"column":30},"end":{"line":109,"column":9}},"line":106},"15":{"name":"(anonymous_15)","decl":{"start":{"line":109,"column":17},"end":{"line":109,"column":18}},"loc":{"start":{"line":109,"column":28},"end":{"line":111,"column":9}},"line":109},"16":{"name":"(anonymous_16)","decl":{"start":{"line":115,"column":30},"end":{"line":115,"column":31}},"loc":{"start":{"line":115,"column":51},"end":{"line":131,"column":3}},"line":115},"17":{"name":"(anonymous_17)","decl":{"start":{"line":116,"column":44},"end":{"line":116,"column":45}},"loc":{"start":{"line":116,"column":56},"end":{"line":116,"column":74}},"line":116},"18":{"name":"(anonymous_18)","decl":{"start":{"line":125,"column":16},"end":{"line":125,"column":17}},"loc":{"start":{"line":125,"column":30},"end":{"line":128,"column":9}},"line":125},"19":{"name":"(anonymous_19)","decl":{"start":{"line":128,"column":17},"end":{"line":128,"column":18}},"loc":{"start":{"line":128,"column":28},"end":{"line":130,"column":9}},"line":128},"20":{"name":"(anonymous_20)","decl":{"start":{"line":152,"column":20},"end":{"line":152,"column":21}},"loc":{"start":{"line":152,"column":26},"end":{"line":152,"column":44}},"line":152},"21":{"name":"(anonymous_21)","decl":{"start":{"line":156,"column":64},"end":{"line":156,"column":65}},"loc":{"start":{"line":156,"column":101},"end":{"line":158,"column":5}},"line":156},"22":{"name":"(anonymous_22)","decl":{"start":{"line":160,"column":25},"end":{"line":160,"column":26}},"loc":{"start":{"line":160,"column":42},"end":{"line":170,"column":9}},"line":160}},"branchMap":{"0":{"loc":{"start":{"line":38,"column":11},"end":{"line":38,"column":58}},"type":"cond-expr","locations":[{"start":{"line":38,"column":34},"end":{"line":38,"column":44}},{"start":{"line":38,"column":46},"end":{"line":38,"column":58}}],"line":38},"1":{"loc":{"start":{"line":52,"column":51},"end":{"line":52,"column":76}},"type":"binary-expr","locations":[{"start":{"line":52,"column":51},"end":{"line":52,"column":62}},{"start":{"line":52,"column":66},"end":{"line":52,"column":76}}],"line":52},"2":{"loc":{"start":{"line":85,"column":4},"end":{"line":87,"column":5}},"type":"if","locations":[{"start":{"line":85,"column":4},"end":{"line":87,"column":5}},{"start":{},"end":{}}],"line":85},"3":{"loc":{"start":{"line":92,"column":4},"end":{"line":95,"column":5}},"type":"if","locations":[{"start":{"line":92,"column":4},"end":{"line":95,"column":5}},{"start":{"line":94,"column":11},"end":{"line":95,"column":5}}],"line":92},"4":{"loc":{"start":{"line":146,"column":7},"end":{"line":172,"column":7}},"type":"binary-expr","locations":[{"start":{"line":146,"column":7},"end":{"line":146,"column":29}},{"start":{"line":147,"column":8},"end":{"line":171,"column":20}}],"line":146}},"s":{"0":1,"1":0,"2":5,"3":4,"4":4,"5":0,"6":0,"7":0,"8":0,"9":0,"10":0,"11":0,"12":0,"13":0,"14":0,"15":0,"16":0,"17":0,"18":0,"19":0,"20":0,"21":0,"22":0,"23":0,"24":0,"25":0,"26":0,"27":0,"28":0,"29":0,"30":0,"31":0,"32":0,"33":0,"34":0,"35":0,"36":0,"37":0,"38":0,"39":0,"40":0,"41":0,"42":0},"f":{"0":0,"1":5,"2":0,"3":0,"4":0,"5":0,"6":0,"7":0,"8":0,"9":0,"10":0,"11":0,"12":0,"13":0,"14":0,"15":0,"16":0,"17":0,"18":0,"19":0,"20":0,"21":0,"22":0},"b":{"0":[0,0],"1":[0,0],"2":[0,0],"3":[0,0],"4":[0,0]},"_coverageSchema":"1a1c01bbd47fc00a2c39e90264f33305004495a9","hash":"36a79f875e3c4965e154c375f3ca56d4392fc3b4"}
,"/home/dsilvc/frontend-grupo1/pages/main/OfertasContactatdas.tsx": {"path":"/home/dsilvc/frontend-grupo1/pages/main/OfertasContactatdas.tsx","statementMap":{"0":{"start":{"line":15,"column":23},"end":{"line":15,"column":66}},"1":{"start":{"line":15,"column":29},"end":{"line":15,"column":66}},"2":{"start":{"line":21,"column":41},"end":{"line":21,"column":60}},"3":{"start":{"line":22,"column":38},"end":{"line":22,"column":53}},"4":{"start":{"line":23,"column":32},"end":{"line":23,"column":47}},"5":{"start":{"line":24,"column":38},"end":{"line":24,"column":49}},"6":{"start":{"line":25,"column":16},"end":{"line":25,"column":72}},"7":{"start":{"line":25,"column":42},"end":{"line":25,"column":71}},"8":{"start":{"line":26,"column":17},"end":{"line":26,"column":28}},"9":{"start":{"line":28,"column":30},"end":{"line":92,"column":3}},"10":{"start":{"line":34,"column":8},"end":{"line":36,"column":16}},"11":{"start":{"line":44,"column":8},"end":{"line":46,"column":16}},"12":{"start":{"line":54,"column":8},"end":{"line":56,"column":16}},"13":{"start":{"line":64,"column":8},"end":{"line":66,"column":16}},"14":{"start":{"line":75,"column":8},"end":{"line":78,"column":16}},"15":{"start":{"line":87,"column":8},"end":{"line":89,"column":130}},"16":{"start":{"line":87,"column":43},"end":{"line":87,"column":101}},"17":{"start":{"line":88,"column":79},"end":{"line":88,"column":104}},"18":{"start":{"line":89,"column":79},"end":{"line":89,"column":104}},"19":{"start":{"line":94,"column":2},"end":{"line":99,"column":9}},"20":{"start":{"line":95,"column":4},"end":{"line":97,"column":5}},"21":{"start":{"line":96,"column":6},"end":{"line":96,"column":29}},"22":{"start":{"line":98,"column":4},"end":{"line":98,"column":24}},"23":{"start":{"line":101,"column":2},"end":{"line":106,"column":19}},"24":{"start":{"line":102,"column":4},"end":{"line":105,"column":5}},"25":{"start":{"line":103,"column":6},"end":{"line":103,"column":26}},"26":{"start":{"line":108,"column":24},"end":{"line":125,"column":3}},"27":{"start":{"line":109,"column":16},"end":{"line":109,"column":51}},"28":{"start":{"line":110,"column":17},"end":{"line":110,"column":29}},"29":{"start":{"line":111,"column":4},"end":{"line":111,"column":35}},"30":{"start":{"line":112,"column":4},"end":{"line":124,"column":6}},"31":{"start":{"line":119,"column":6},"end":{"line":119,"column":22}},"32":{"start":{"line":120,"column":6},"end":{"line":120,"column":25}},"33":{"start":{"line":123,"column":6},"end":{"line":123,"column":55}},"34":{"start":{"line":126,"column":28},"end":{"line":140,"column":3}},"35":{"start":{"line":127,"column":16},"end":{"line":127,"column":62}},"36":{"start":{"line":128,"column":8},"end":{"line":139,"column":10}},"37":{"start":{"line":135,"column":10},"end":{"line":135,"column":41}},"38":{"start":{"line":136,"column":10},"end":{"line":136,"column":41}},"39":{"start":{"line":138,"column":10},"end":{"line":138,"column":76}},"40":{"start":{"line":141,"column":2},"end":{"line":207,"column":4}},"41":{"start":{"line":153,"column":60},"end":{"line":153,"column":118}},"42":{"start":{"line":159,"column":26},"end":{"line":159,"column":42}},"43":{"start":{"line":182,"column":58},"end":{"line":182,"column":116}},"44":{"start":{"line":188,"column":26},"end":{"line":188,"column":42}},"45":{"start":{"line":192,"column":44},"end":{"line":192,"column":70}},"46":{"start":{"line":193,"column":11},"end":{"line":201,"column":19}}},"fnMap":{"0":{"name":"(anonymous_0)","decl":{"start":{"line":15,"column":23},"end":{"line":15,"column":24}},"loc":{"start":{"line":15,"column":29},"end":{"line":15,"column":66}},"line":15},"1":{"name":"MisServicios","decl":{"start":{"line":20,"column":24},"end":{"line":20,"column":36}},"loc":{"start":{"line":20,"column":39},"end":{"line":208,"column":1}},"line":20},"2":{"name":"(anonymous_2)","decl":{"start":{"line":25,"column":31},"end":{"line":25,"column":32}},"loc":{"start":{"line":25,"column":42},"end":{"line":25,"column":71}},"line":25},"3":{"name":"(anonymous_3)","decl":{"start":{"line":33,"column":14},"end":{"line":33,"column":15}},"loc":{"start":{"line":34,"column":8},"end":{"line":36,"column":16}},"line":34},"4":{"name":"(anonymous_4)","decl":{"start":{"line":43,"column":14},"end":{"line":43,"column":15}},"loc":{"start":{"line":44,"column":8},"end":{"line":46,"column":16}},"line":44},"5":{"name":"(anonymous_5)","decl":{"start":{"line":53,"column":14},"end":{"line":53,"column":15}},"loc":{"start":{"line":54,"column":8},"end":{"line":56,"column":16}},"line":54},"6":{"name":"(anonymous_6)","decl":{"start":{"line":63,"column":14},"end":{"line":63,"column":15}},"loc":{"start":{"line":64,"column":8},"end":{"line":66,"column":16}},"line":64},"7":{"name":"(anonymous_7)","decl":{"start":{"line":74,"column":14},"end":{"line":74,"column":15}},"loc":{"start":{"line":75,"column":8},"end":{"line":78,"column":16}},"line":75},"8":{"name":"(anonymous_8)","decl":{"start":{"line":86,"column":14},"end":{"line":86,"column":15}},"loc":{"start":{"line":87,"column":8},"end":{"line":89,"column":130}},"line":87},"9":{"name":"(anonymous_9)","decl":{"start":{"line":87,"column":31},"end":{"line":87,"column":32}},"loc":{"start":{"line":87,"column":43},"end":{"line":87,"column":101}},"line":87},"10":{"name":"(anonymous_10)","decl":{"start":{"line":88,"column":72},"end":{"line":88,"column":73}},"loc":{"start":{"line":88,"column":78},"end":{"line":88,"column":105}},"line":88},"11":{"name":"(anonymous_11)","decl":{"start":{"line":89,"column":72},"end":{"line":89,"column":73}},"loc":{"start":{"line":89,"column":78},"end":{"line":89,"column":105}},"line":89},"12":{"name":"(anonymous_12)","decl":{"start":{"line":94,"column":12},"end":{"line":94,"column":13}},"loc":{"start":{"line":94,"column":18},"end":{"line":99,"column":3}},"line":94},"13":{"name":"(anonymous_13)","decl":{"start":{"line":101,"column":12},"end":{"line":101,"column":13}},"loc":{"start":{"line":101,"column":18},"end":{"line":106,"column":3}},"line":101},"14":{"name":"(anonymous_14)","decl":{"start":{"line":108,"column":24},"end":{"line":108,"column":25}},"loc":{"start":{"line":108,"column":42},"end":{"line":125,"column":3}},"line":108},"15":{"name":"(anonymous_15)","decl":{"start":{"line":118,"column":12},"end":{"line":118,"column":13}},"loc":{"start":{"line":118,"column":26},"end":{"line":122,"column":5}},"line":118},"16":{"name":"(anonymous_16)","decl":{"start":{"line":122,"column":13},"end":{"line":122,"column":14}},"loc":{"start":{"line":122,"column":24},"end":{"line":124,"column":5}},"line":122},"17":{"name":"(anonymous_17)","decl":{"start":{"line":126,"column":28},"end":{"line":126,"column":29}},"loc":{"start":{"line":126,"column":34},"end":{"line":140,"column":3}},"line":126},"18":{"name":"(anonymous_18)","decl":{"start":{"line":134,"column":16},"end":{"line":134,"column":17}},"loc":{"start":{"line":134,"column":30},"end":{"line":137,"column":9}},"line":134},"19":{"name":"(anonymous_19)","decl":{"start":{"line":137,"column":17},"end":{"line":137,"column":18}},"loc":{"start":{"line":137,"column":28},"end":{"line":139,"column":9}},"line":137},"20":{"name":"(anonymous_20)","decl":{"start":{"line":153,"column":48},"end":{"line":153,"column":49}},"loc":{"start":{"line":153,"column":60},"end":{"line":153,"column":118}},"line":153},"21":{"name":"(anonymous_21)","decl":{"start":{"line":159,"column":20},"end":{"line":159,"column":21}},"loc":{"start":{"line":159,"column":26},"end":{"line":159,"column":42}},"line":159},"22":{"name":"(anonymous_22)","decl":{"start":{"line":182,"column":46},"end":{"line":182,"column":47}},"loc":{"start":{"line":182,"column":58},"end":{"line":182,"column":116}},"line":182},"23":{"name":"(anonymous_23)","decl":{"start":{"line":188,"column":20},"end":{"line":188,"column":21}},"loc":{"start":{"line":188,"column":26},"end":{"line":188,"column":42}},"line":188},"24":{"name":"(anonymous_24)","decl":{"start":{"line":192,"column":32},"end":{"line":192,"column":33}},"loc":{"start":{"line":192,"column":44},"end":{"line":192,"column":70}},"line":192},"25":{"name":"(anonymous_25)","decl":{"start":{"line":192,"column":94},"end":{"line":192,"column":95}},"loc":{"start":{"line":192,"column":111},"end":{"line":202,"column":9}},"line":192}},"branchMap":{"0":{"loc":{"start":{"line":45,"column":11},"end":{"line":45,"column":66}},"type":"cond-expr","locations":[{"start":{"line":45,"column":42},"end":{"line":45,"column":52}},{"start":{"line":45,"column":54},"end":{"line":45,"column":66}}],"line":45},"1":{"loc":{"start":{"line":76,"column":39},"end":{"line":76,"column":93}},"type":"cond-expr","locations":[{"start":{"line":76,"column":65},"end":{"line":76,"column":89}},{"start":{"line":76,"column":92},"end":{"line":76,"column":93}}],"line":76},"2":{"loc":{"start":{"line":87,"column":8},"end":{"line":89,"column":130}},"type":"cond-expr","locations":[{"start":{"line":88,"column":9},"end":{"line":88,"column":127}},{"start":{"line":89,"column":9},"end":{"line":89,"column":129}}],"line":87},"3":{"loc":{"start":{"line":87,"column":43},"end":{"line":87,"column":101}},"type":"binary-expr","locations":[{"start":{"line":87,"column":43},"end":{"line":87,"column":70}},{"start":{"line":87,"column":74},"end":{"line":87,"column":101}}],"line":87},"4":{"loc":{"start":{"line":95,"column":4},"end":{"line":97,"column":5}},"type":"if","locations":[{"start":{"line":95,"column":4},"end":{"line":97,"column":5}},{"start":{},"end":{}}],"line":95},"5":{"loc":{"start":{"line":102,"column":4},"end":{"line":105,"column":5}},"type":"if","locations":[{"start":{"line":102,"column":4},"end":{"line":105,"column":5}},{"start":{"line":104,"column":11},"end":{"line":105,"column":5}}],"line":102},"6":{"loc":{"start":{"line":153,"column":9},"end":{"line":180,"column":7}},"type":"binary-expr","locations":[{"start":{"line":153,"column":9},"end":{"line":153,"column":21}},{"start":{"line":153,"column":25},"end":{"line":153,"column":131}},{"start":{"line":154,"column":8},"end":{"line":179,"column":16}}],"line":153},"7":{"loc":{"start":{"line":153,"column":60},"end":{"line":153,"column":118}},"type":"binary-expr","locations":[{"start":{"line":153,"column":60},"end":{"line":153,"column":87}},{"start":{"line":153,"column":91},"end":{"line":153,"column":118}}],"line":153},"8":{"loc":{"start":{"line":182,"column":7},"end":{"line":204,"column":7}},"type":"binary-expr","locations":[{"start":{"line":182,"column":7},"end":{"line":182,"column":19}},{"start":{"line":182,"column":23},"end":{"line":182,"column":128}},{"start":{"line":183,"column":8},"end":{"line":203,"column":20}}],"line":182},"9":{"loc":{"start":{"line":182,"column":58},"end":{"line":182,"column":116}},"type":"binary-expr","locations":[{"start":{"line":182,"column":58},"end":{"line":182,"column":85}},{"start":{"line":182,"column":89},"end":{"line":182,"column":116}}],"line":182}},"s":{"0":0,"1":0,"2":0,"3":0,"4":0,"5":0,"6":0,"7":0,"8":0,"9":0,"10":0,"11":0,"12":0,"13":0,"14":0,"15":0,"16":0,"17":0,"18":0,"19":0,"20":0,"21":0,"22":0,"23":0,"24":0,"25":0,"26":0,"27":0,"28":0,"29":0,"30":0,"31":0,"32":0,"33":0,"34":0,"35":0,"36":0,"37":0,"38":0,"39":0,"40":0,"41":0,"42":0,"43":0,"44":0,"45":0,"46":0},"f":{"0":0,"1":0,"2":0,"3":0,"4":0,"5":0,"6":0,"7":0,"8":0,"9":0,"10":0,"11":0,"12":0,"13":0,"14":0,"15":0,"16":0,"17":0,"18":0,"19":0,"20":0,"21":0,"22":0,"23":0,"24":0,"25":0},"b":{"0":[0,0],"1":[0,0],"2":[0,0],"3":[0,0],"4":[0,0],"5":[0,0],"6":[0,0,0],"7":[0,0],"8":[0,0,0],"9":[0,0]}}
,"/home/dsilvc/frontend-grupo1/pages/session/code.tsx": {"path":"/home/dsilvc/frontend-grupo1/pages/session/code.tsx","statementMap":{"0":{"start":{"line":18,"column":26},"end":{"line":18,"column":70}},"1":{"start":{"line":26,"column":2},"end":{"line":26,"column":42}},"2":{"start":{"line":29,"column":24},"end":{"line":34,"column":1}},"3":{"start":{"line":30,"column":21},"end":{"line":30,"column":56}},"4":{"start":{"line":31,"column":21},"end":{"line":31,"column":97}},"5":{"start":{"line":31,"column":41},"end":{"line":31,"column":74}},"6":{"start":{"line":33,"column":2},"end":{"line":33,"column":96}},"7":{"start":{"line":36,"column":19},"end":{"line":41,"column":1}},"8":{"start":{"line":37,"column":21},"end":{"line":37,"column":56}},"9":{"start":{"line":38,"column":21},"end":{"line":38,"column":85}},"10":{"start":{"line":40,"column":2},"end":{"line":40,"column":52}},"11":{"start":{"line":44,"column":2},"end":{"line":49,"column":5}},"12":{"start":{"line":52,"column":44},"end":{"line":111,"column":3}},"13":{"start":{"line":53,"column":16},"end":{"line":53,"column":72}},"14":{"start":{"line":53,"column":42},"end":{"line":53,"column":71}},"15":{"start":{"line":54,"column":16},"end":{"line":54,"column":72}},"16":{"start":{"line":54,"column":42},"end":{"line":54,"column":71}},"17":{"start":{"line":55,"column":17},"end":{"line":55,"column":28}},"18":{"start":{"line":56,"column":19},"end":{"line":56,"column":35}},"19":{"start":{"line":58,"column":2},"end":{"line":62,"column":21}},"20":{"start":{"line":59,"column":4},"end":{"line":61,"column":5}},"21":{"start":{"line":60,"column":6},"end":{"line":60,"column":34}},"22":{"start":{"line":63,"column":19},"end":{"line":79,"column":3}},"23":{"start":{"line":64,"column":16},"end":{"line":64,"column":61}},"24":{"start":{"line":65,"column":6},"end":{"line":78,"column":8}},"25":{"start":{"line":71,"column":8},"end":{"line":71,"column":55}},"26":{"start":{"line":73,"column":8},"end":{"line":77,"column":9}},"27":{"start":{"line":74,"column":10},"end":{"line":74,"column":45}},"28":{"start":{"line":76,"column":10},"end":{"line":76,"column":62}},"29":{"start":{"line":81,"column":2},"end":{"line":110,"column":4}}},"fnMap":{"0":{"name":"toArr","decl":{"start":{"line":25,"column":9},"end":{"line":25,"column":14}},"loc":{"start":{"line":25,"column":80},"end":{"line":27,"column":1}},"line":25},"1":{"name":"(anonymous_1)","decl":{"start":{"line":29,"column":24},"end":{"line":29,"column":25}},"loc":{"start":{"line":29,"column":72},"end":{"line":34,"column":1}},"line":29},"2":{"name":"(anonymous_2)","decl":{"start":{"line":31,"column":35},"end":{"line":31,"column":36}},"loc":{"start":{"line":31,"column":41},"end":{"line":31,"column":74}},"line":31},"3":{"name":"(anonymous_3)","decl":{"start":{"line":36,"column":19},"end":{"line":36,"column":20}},"loc":{"start":{"line":36,"column":58},"end":{"line":41,"column":1}},"line":36},"4":{"name":"displayMessage","decl":{"start":{"line":43,"column":9},"end":{"line":43,"column":23}},"loc":{"start":{"line":43,"column":50},"end":{"line":50,"column":1}},"line":43},"5":{"name":"(anonymous_5)","decl":{"start":{"line":52,"column":44},"end":{"line":52,"column":45}},"loc":{"start":{"line":52,"column":62},"end":{"line":111,"column":3}},"line":52},"6":{"name":"(anonymous_6)","decl":{"start":{"line":53,"column":31},"end":{"line":53,"column":32}},"loc":{"start":{"line":53,"column":42},"end":{"line":53,"column":71}},"line":53},"7":{"name":"(anonymous_7)","decl":{"start":{"line":54,"column":31},"end":{"line":54,"column":32}},"loc":{"start":{"line":54,"column":42},"end":{"line":54,"column":71}},"line":54},"8":{"name":"(anonymous_8)","decl":{"start":{"line":58,"column":12},"end":{"line":58,"column":13}},"loc":{"start":{"line":58,"column":18},"end":{"line":62,"column":3}},"line":58},"9":{"name":"(anonymous_9)","decl":{"start":{"line":63,"column":19},"end":{"line":63,"column":20}},"loc":{"start":{"line":63,"column":35},"end":{"line":79,"column":3}},"line":63},"10":{"name":"(anonymous_10)","decl":{"start":{"line":70,"column":14},"end":{"line":70,"column":15}},"loc":{"start":{"line":70,"column":28},"end":{"line":72,"column":7}},"line":70},"11":{"name":"(anonymous_11)","decl":{"start":{"line":72,"column":15},"end":{"line":72,"column":16}},"loc":{"start":{"line":72,"column":26},"end":{"line":78,"column":7}},"line":72}},"branchMap":{"0":{"loc":{"start":{"line":26,"column":9},"end":{"line":26,"column":41}},"type":"cond-expr","locations":[{"start":{"line":26,"column":30},"end":{"line":26,"column":33}},{"start":{"line":26,"column":36},"end":{"line":26,"column":41}}],"line":26},"1":{"loc":{"start":{"line":38,"column":21},"end":{"line":38,"column":85}},"type":"cond-expr","locations":[{"start":{"line":38,"column":42},"end":{"line":38,"column":73}},{"start":{"line":38,"column":76},"end":{"line":38,"column":85}}],"line":38},"2":{"loc":{"start":{"line":59,"column":4},"end":{"line":61,"column":5}},"type":"if","locations":[{"start":{"line":59,"column":4},"end":{"line":61,"column":5}},{"start":{},"end":{}}],"line":59},"3":{"loc":{"start":{"line":73,"column":8},"end":{"line":77,"column":9}},"type":"if","locations":[{"start":{"line":73,"column":8},"end":{"line":77,"column":9}},{"start":{"line":75,"column":15},"end":{"line":77,"column":9}}],"line":73}},"s":{"0":0,"1":0,"2":0,"3":0,"4":0,"5":0,"6":0,"7":0,"8":0,"9":0,"10":0,"11":0,"12":0,"13":0,"14":0,"15":0,"16":0,"17":0,"18":0,"19":0,"20":0,"21":0,"22":0,"23":0,"24":0,"25":0,"26":0,"27":0,"28":0,"29":0},"f":{"0":0,"1":0,"2":0,"3":0,"4":0,"5":0,"6":0,"7":0,"8":0,"9":0,"10":0,"11":0},"b":{"0":[0,0],"1":[0,0],"2":[0,0],"3":[0,0]}}
,"/home/dsilvc/frontend-grupo1/pages/session/index.tsx": {"path":"/home/dsilvc/frontend-grupo1/pages/session/index.tsx","statementMap":{"0":{"start":{"line":4,"column":2},"end":{"line":7,"column":4}}},"fnMap":{"0":{"name":"Home","decl":{"start":{"line":3,"column":24},"end":{"line":3,"column":28}},"loc":{"start":{"line":3,"column":31},"end":{"line":8,"column":1}},"line":3}},"branchMap":{},"s":{"0":0},"f":{"0":0},"b":{}}
,"/home/dsilvc/frontend-grupo1/pages/session/newPassword.tsx": {"path":"/home/dsilvc/frontend-grupo1/pages/session/newPassword.tsx","statementMap":{"0":{"start":{"line":15,"column":51},"end":{"line":89,"column":3}},"1":{"start":{"line":16,"column":17},"end":{"line":16,"column":28}},"2":{"start":{"line":17,"column":19},"end":{"line":17,"column":35}},"3":{"start":{"line":18,"column":16},"end":{"line":18,"column":72}},"4":{"start":{"line":18,"column":41},"end":{"line":18,"column":70}},"5":{"start":{"line":20,"column":19},"end":{"line":50,"column":3}},"6":{"start":{"line":21,"column":4},"end":{"line":23,"column":5}},"7":{"start":{"line":22,"column":6},"end":{"line":22,"column":59}},"8":{"start":{"line":24,"column":17},"end":{"line":28,"column":5}},"9":{"start":{"line":29,"column":16},"end":{"line":29,"column":64}},"10":{"start":{"line":30,"column":4},"end":{"line":48,"column":6}},"11":{"start":{"line":37,"column":6},"end":{"line":37,"column":47}},"12":{"start":{"line":38,"column":6},"end":{"line":38,"column":29}},"13":{"start":{"line":40,"column":6},"end":{"line":42,"column":7}},"14":{"start":{"line":41,"column":8},"end":{"line":41,"column":76}},"15":{"start":{"line":43,"column":6},"end":{"line":47,"column":7}},"16":{"start":{"line":44,"column":8},"end":{"line":44,"column":43}},"17":{"start":{"line":46,"column":8},"end":{"line":46,"column":56}},"18":{"start":{"line":49,"column":4},"end":{"line":49,"column":10}},"19":{"start":{"line":52,"column":2},"end":{"line":88,"column":4}}},"fnMap":{"0":{"name":"(anonymous_0)","decl":{"start":{"line":15,"column":51},"end":{"line":15,"column":52}},"loc":{"start":{"line":15,"column":69},"end":{"line":89,"column":3}},"line":15},"1":{"name":"(anonymous_1)","decl":{"start":{"line":18,"column":32},"end":{"line":18,"column":33}},"loc":{"start":{"line":18,"column":41},"end":{"line":18,"column":70}},"line":18},"2":{"name":"(anonymous_2)","decl":{"start":{"line":20,"column":19},"end":{"line":20,"column":20}},"loc":{"start":{"line":20,"column":35},"end":{"line":50,"column":3}},"line":20},"3":{"name":"(anonymous_3)","decl":{"start":{"line":36,"column":12},"end":{"line":36,"column":13}},"loc":{"start":{"line":36,"column":26},"end":{"line":39,"column":5}},"line":36},"4":{"name":"(anonymous_4)","decl":{"start":{"line":39,"column":13},"end":{"line":39,"column":14}},"loc":{"start":{"line":39,"column":24},"end":{"line":48,"column":5}},"line":39}},"branchMap":{"0":{"loc":{"start":{"line":21,"column":4},"end":{"line":23,"column":5}},"type":"if","locations":[{"start":{"line":21,"column":4},"end":{"line":23,"column":5}},{"start":{},"end":{}}],"line":21},"1":{"loc":{"start":{"line":40,"column":6},"end":{"line":42,"column":7}},"type":"if","locations":[{"start":{"line":40,"column":6},"end":{"line":42,"column":7}},{"start":{},"end":{}}],"line":40},"2":{"loc":{"start":{"line":43,"column":6},"end":{"line":47,"column":7}},"type":"if","locations":[{"start":{"line":43,"column":6},"end":{"line":47,"column":7}},{"start":{"line":45,"column":13},"end":{"line":47,"column":7}}],"line":43}},"s":{"0":1,"1":4,"2":0,"3":0,"4":0,"5":0,"6":0,"7":0,"8":0,"9":0,"10":0,"11":0,"12":0,"13":0,"14":0,"15":0,"16":0,"17":0,"18":0,"19":0},"f":{"0":4,"1":0,"2":0,"3":0,"4":0},"b":{"0":[0,0],"1":[0,0],"2":[0,0]},"_coverageSchema":"1a1c01bbd47fc00a2c39e90264f33305004495a9","hash":"8757928a26b2b50c44ad1e7d2fc6bedb6183c113"}
,"/home/dsilvc/frontend-grupo1/pages/session/password.tsx": {"path":"/home/dsilvc/frontend-grupo1/pages/session/password.tsx","statementMap":{"0":{"start":{"line":18,"column":48},"end":{"line":67,"column":3}},"1":{"start":{"line":19,"column":17},"end":{"line":19,"column":28}},"2":{"start":{"line":20,"column":19},"end":{"line":20,"column":35}},"3":{"start":{"line":22,"column":19},"end":{"line":36,"column":3}},"4":{"start":{"line":23,"column":16},"end":{"line":23,"column":64}},"5":{"start":{"line":24,"column":4},"end":{"line":35,"column":6}},"6":{"start":{"line":31,"column":6},"end":{"line":31,"column":36}},"7":{"start":{"line":32,"column":6},"end":{"line":32,"column":41}},"8":{"start":{"line":34,"column":6},"end":{"line":34,"column":47}},"9":{"start":{"line":38,"column":2},"end":{"line":66,"column":4}}},"fnMap":{"0":{"name":"(anonymous_0)","decl":{"start":{"line":18,"column":48},"end":{"line":18,"column":49}},"loc":{"start":{"line":18,"column":66},"end":{"line":67,"column":3}},"line":18},"1":{"name":"(anonymous_1)","decl":{"start":{"line":22,"column":19},"end":{"line":22,"column":20}},"loc":{"start":{"line":22,"column":35},"end":{"line":36,"column":3}},"line":22},"2":{"name":"(anonymous_2)","decl":{"start":{"line":30,"column":12},"end":{"line":30,"column":13}},"loc":{"start":{"line":30,"column":26},"end":{"line":33,"column":5}},"line":30},"3":{"name":"(anonymous_3)","decl":{"start":{"line":33,"column":13},"end":{"line":33,"column":14}},"loc":{"start":{"line":33,"column":24},"end":{"line":35,"column":5}},"line":33}},"branchMap":{},"s":{"0":1,"1":4,"2":0,"3":0,"4":0,"5":0,"6":0,"7":0,"8":0,"9":0},"f":{"0":4,"1":0,"2":0,"3":0},"b":{},"_coverageSchema":"1a1c01bbd47fc00a2c39e90264f33305004495a9","hash":"f533c75fc5d7e01950b366a23082babc55b7ce42"}
,"/home/dsilvc/frontend-grupo1/pages/session/signin.tsx": {"path":"/home/dsilvc/frontend-grupo1/pages/session/signin.tsx","statementMap":{"0":{"start":{"line":4,"column":2},"end":{"line":7,"column":4}}},"fnMap":{"0":{"name":"Home","decl":{"start":{"line":3,"column":24},"end":{"line":3,"column":28}},"loc":{"start":{"line":3,"column":31},"end":{"line":8,"column":1}},"line":3}},"branchMap":{},"s":{"0":0},"f":{"0":0},"b":{}}
,"/home/dsilvc/frontend-grupo1/pages/user/changePassword.tsx": {"path":"/home/dsilvc/frontend-grupo1/pages/user/changePassword.tsx","statementMap":{"0":{"start":{"line":10,"column":16},"end":{"line":10,"column":72}},"1":{"start":{"line":10,"column":42},"end":{"line":10,"column":71}},"2":{"start":{"line":11,"column":16},"end":{"line":11,"column":72}},"3":{"start":{"line":11,"column":42},"end":{"line":11,"column":71}},"4":{"start":{"line":12,"column":17},"end":{"line":12,"column":28}},"5":{"start":{"line":13,"column":19},"end":{"line":13,"column":35}},"6":{"start":{"line":15,"column":19},"end":{"line":45,"column":3}},"7":{"start":{"line":16,"column":4},"end":{"line":18,"column":5}},"8":{"start":{"line":17,"column":6},"end":{"line":17,"column":59}},"9":{"start":{"line":19,"column":17},"end":{"line":23,"column":5}},"10":{"start":{"line":24,"column":16},"end":{"line":24,"column":64}},"11":{"start":{"line":25,"column":4},"end":{"line":43,"column":6}},"12":{"start":{"line":32,"column":6},"end":{"line":32,"column":47}},"13":{"start":{"line":33,"column":6},"end":{"line":33,"column":29}},"14":{"start":{"line":35,"column":6},"end":{"line":37,"column":7}},"15":{"start":{"line":36,"column":8},"end":{"line":36,"column":76}},"16":{"start":{"line":38,"column":6},"end":{"line":42,"column":7}},"17":{"start":{"line":39,"column":8},"end":{"line":39,"column":43}},"18":{"start":{"line":41,"column":8},"end":{"line":41,"column":56}},"19":{"start":{"line":44,"column":4},"end":{"line":44,"column":10}},"20":{"start":{"line":47,"column":2},"end":{"line":73,"column":4}}},"fnMap":{"0":{"name":"ChangePassword","decl":{"start":{"line":9,"column":24},"end":{"line":9,"column":38}},"loc":{"start":{"line":9,"column":41},"end":{"line":74,"column":1}},"line":9},"1":{"name":"(anonymous_1)","decl":{"start":{"line":10,"column":31},"end":{"line":10,"column":32}},"loc":{"start":{"line":10,"column":42},"end":{"line":10,"column":71}},"line":10},"2":{"name":"(anonymous_2)","decl":{"start":{"line":11,"column":31},"end":{"line":11,"column":32}},"loc":{"start":{"line":11,"column":42},"end":{"line":11,"column":71}},"line":11},"3":{"name":"(anonymous_3)","decl":{"start":{"line":15,"column":19},"end":{"line":15,"column":20}},"loc":{"start":{"line":15,"column":35},"end":{"line":45,"column":3}},"line":15},"4":{"name":"(anonymous_4)","decl":{"start":{"line":31,"column":12},"end":{"line":31,"column":13}},"loc":{"start":{"line":31,"column":26},"end":{"line":34,"column":5}},"line":31},"5":{"name":"(anonymous_5)","decl":{"start":{"line":34,"column":13},"end":{"line":34,"column":14}},"loc":{"start":{"line":34,"column":24},"end":{"line":43,"column":5}},"line":34}},"branchMap":{"0":{"loc":{"start":{"line":16,"column":4},"end":{"line":18,"column":5}},"type":"if","locations":[{"start":{"line":16,"column":4},"end":{"line":18,"column":5}},{"start":{},"end":{}}],"line":16},"1":{"loc":{"start":{"line":35,"column":6},"end":{"line":37,"column":7}},"type":"if","locations":[{"start":{"line":35,"column":6},"end":{"line":37,"column":7}},{"start":{},"end":{}}],"line":35},"2":{"loc":{"start":{"line":38,"column":6},"end":{"line":42,"column":7}},"type":"if","locations":[{"start":{"line":38,"column":6},"end":{"line":42,"column":7}},{"start":{"line":40,"column":13},"end":{"line":42,"column":7}}],"line":38}},"s":{"0":0,"1":0,"2":0,"3":0,"4":0,"5":0,"6":0,"7":0,"8":0,"9":0,"10":0,"11":0,"12":0,"13":0,"14":0,"15":0,"16":0,"17":0,"18":0,"19":0,"20":0},"f":{"0":0,"1":0,"2":0,"3":0,"4":0,"5":0},"b":{"0":[0,0],"1":[0,0],"2":[0,0]}}
,"/home/dsilvc/frontend-grupo1/pages/user/confirmation.tsx": {"path":"/home/dsilvc/frontend-grupo1/pages/user/confirmation.tsx","statementMap":{"0":{"start":{"line":12,"column":19},"end":{"line":12,"column":30}},"1":{"start":{"line":13,"column":21},"end":{"line":13,"column":37}},"2":{"start":{"line":14,"column":18},"end":{"line":14,"column":74}},"3":{"start":{"line":14,"column":44},"end":{"line":14,"column":73}},"4":{"start":{"line":16,"column":21},"end":{"line":30,"column":7}},"5":{"start":{"line":17,"column":20},"end":{"line":17,"column":68}},"6":{"start":{"line":18,"column":8},"end":{"line":29,"column":10}},"7":{"start":{"line":25,"column":10},"end":{"line":25,"column":35}},"8":{"start":{"line":26,"column":10},"end":{"line":26,"column":45}},"9":{"start":{"line":28,"column":10},"end":{"line":28,"column":51}},"10":{"start":{"line":32,"column":4},"end":{"line":50,"column":8}}},"fnMap":{"0":{"name":"Confirmation","decl":{"start":{"line":10,"column":24},"end":{"line":10,"column":36}},"loc":{"start":{"line":10,"column":39},"end":{"line":51,"column":3}},"line":10},"1":{"name":"(anonymous_1)","decl":{"start":{"line":14,"column":33},"end":{"line":14,"column":34}},"loc":{"start":{"line":14,"column":44},"end":{"line":14,"column":73}},"line":14},"2":{"name":"(anonymous_2)","decl":{"start":{"line":16,"column":21},"end":{"line":16,"column":22}},"loc":{"start":{"line":16,"column":37},"end":{"line":30,"column":7}},"line":16},"3":{"name":"(anonymous_3)","decl":{"start":{"line":24,"column":16},"end":{"line":24,"column":17}},"loc":{"start":{"line":24,"column":30},"end":{"line":27,"column":9}},"line":24},"4":{"name":"(anonymous_4)","decl":{"start":{"line":27,"column":17},"end":{"line":27,"column":18}},"loc":{"start":{"line":27,"column":28},"end":{"line":29,"column":9}},"line":27}},"branchMap":{},"s":{"0":0,"1":0,"2":0,"3":0,"4":0,"5":0,"6":0,"7":0,"8":0,"9":0,"10":0},"f":{"0":0,"1":0,"2":0,"3":0,"4":0},"b":{}}
,"/home/dsilvc/frontend-grupo1/pages/user/editProfile.tsx": {"path":"/home/dsilvc/frontend-grupo1/pages/user/editProfile.tsx","statementMap":{"0":{"start":{"line":9,"column":17},"end":{"line":14,"column":1}},"1":{"start":{"line":10,"column":2},"end":{"line":12,"column":3}},"2":{"start":{"line":11,"column":4},"end":{"line":11,"column":13}},"3":{"start":{"line":13,"column":2},"end":{"line":13,"column":21}},"4":{"start":{"line":31,"column":16},"end":{"line":31,"column":72}},"5":{"start":{"line":31,"column":42},"end":{"line":31,"column":71}},"6":{"start":{"line":32,"column":20},"end":{"line":32,"column":80}},"7":{"start":{"line":32,"column":46},"end":{"line":32,"column":79}},"8":{"start":{"line":33,"column":19},"end":{"line":33,"column":78}},"9":{"start":{"line":33,"column":45},"end":{"line":33,"column":77}},"10":{"start":{"line":34,"column":19},"end":{"line":34,"column":78}},"11":{"start":{"line":34,"column":45},"end":{"line":34,"column":77}},"12":{"start":{"line":35,"column":17},"end":{"line":35,"column":28}},"13":{"start":{"line":37,"column":19},"end":{"line":58,"column":3}},"14":{"start":{"line":39,"column":17},"end":{"line":43,"column":5}},"15":{"start":{"line":44,"column":16},"end":{"line":44,"column":56}},"16":{"start":{"line":45,"column":4},"end":{"line":56,"column":6}},"17":{"start":{"line":52,"column":6},"end":{"line":52,"column":43}},"18":{"start":{"line":53,"column":6},"end":{"line":53,"column":34}},"19":{"start":{"line":55,"column":6},"end":{"line":55,"column":54}},"20":{"start":{"line":57,"column":4},"end":{"line":57,"column":10}},"21":{"start":{"line":60,"column":2},"end":{"line":101,"column":4}}},"fnMap":{"0":{"name":"(anonymous_0)","decl":{"start":{"line":9,"column":17},"end":{"line":9,"column":18}},"loc":{"start":{"line":9,"column":29},"end":{"line":14,"column":1}},"line":9},"1":{"name":"Home","decl":{"start":{"line":30,"column":24},"end":{"line":30,"column":28}},"loc":{"start":{"line":30,"column":31},"end":{"line":102,"column":1}},"line":30},"2":{"name":"(anonymous_2)","decl":{"start":{"line":31,"column":31},"end":{"line":31,"column":32}},"loc":{"start":{"line":31,"column":42},"end":{"line":31,"column":71}},"line":31},"3":{"name":"(anonymous_3)","decl":{"start":{"line":32,"column":35},"end":{"line":32,"column":36}},"loc":{"start":{"line":32,"column":46},"end":{"line":32,"column":79}},"line":32},"4":{"name":"(anonymous_4)","decl":{"start":{"line":33,"column":34},"end":{"line":33,"column":35}},"loc":{"start":{"line":33,"column":45},"end":{"line":33,"column":77}},"line":33},"5":{"name":"(anonymous_5)","decl":{"start":{"line":34,"column":34},"end":{"line":34,"column":35}},"loc":{"start":{"line":34,"column":45},"end":{"line":34,"column":77}},"line":34},"6":{"name":"(anonymous_6)","decl":{"start":{"line":37,"column":19},"end":{"line":37,"column":20}},"loc":{"start":{"line":37,"column":35},"end":{"line":58,"column":3}},"line":37},"7":{"name":"(anonymous_7)","decl":{"start":{"line":51,"column":12},"end":{"line":51,"column":13}},"loc":{"start":{"line":51,"column":26},"end":{"line":54,"column":5}},"line":51},"8":{"name":"(anonymous_8)","decl":{"start":{"line":54,"column":13},"end":{"line":54,"column":14}},"loc":{"start":{"line":54,"column":24},"end":{"line":56,"column":5}},"line":54}},"branchMap":{"0":{"loc":{"start":{"line":10,"column":2},"end":{"line":12,"column":3}},"type":"if","locations":[{"start":{"line":10,"column":2},"end":{"line":12,"column":3}},{"start":{},"end":{}}],"line":10}},"s":{"0":0,"1":0,"2":0,"3":0,"4":0,"5":0,"6":0,"7":0,"8":0,"9":0,"10":0,"11":0,"12":0,"13":0,"14":0,"15":0,"16":0,"17":0,"18":0,"19":0,"20":0,"21":0},"f":{"0":0,"1":0,"2":0,"3":0,"4":0,"5":0,"6":0,"7":0,"8":0},"b":{"0":[0,0]}}
,"/home/dsilvc/frontend-grupo1/pages/user/profile.tsx": {"path":"/home/dsilvc/frontend-grupo1/pages/user/profile.tsx","statementMap":{"0":{"start":{"line":12,"column":26},"end":{"line":17,"column":4}},"1":{"start":{"line":18,"column":38},"end":{"line":18,"column":53}},"2":{"start":{"line":19,"column":32},"end":{"line":19,"column":47}},"3":{"start":{"line":20,"column":16},"end":{"line":20,"column":72}},"4":{"start":{"line":20,"column":42},"end":{"line":20,"column":71}},"5":{"start":{"line":21,"column":17},"end":{"line":21,"column":28}},"6":{"start":{"line":22,"column":19},"end":{"line":22,"column":35}},"7":{"start":{"line":24,"column":2},"end":{"line":26,"column":8}},"8":{"start":{"line":25,"column":4},"end":{"line":25,"column":16}},"9":{"start":{"line":28,"column":21},"end":{"line":41,"column":3}},"10":{"start":{"line":29,"column":16},"end":{"line":29,"column":56}},"11":{"start":{"line":30,"column":8},"end":{"line":40,"column":10}},"12":{"start":{"line":37,"column":10},"end":{"line":37,"column":37}},"13":{"start":{"line":39,"column":10},"end":{"line":39,"column":71}},"14":{"start":{"line":43,"column":18},"end":{"line":45,"column":3}},"15":{"start":{"line":44,"column":4},"end":{"line":44,"column":37}},"16":{"start":{"line":47,"column":17},"end":{"line":49,"column":3}},"17":{"start":{"line":48,"column":4},"end":{"line":48,"column":36}},"18":{"start":{"line":52,"column":2},"end":{"line":86,"column":4}}},"fnMap":{"0":{"name":"Home","decl":{"start":{"line":11,"column":24},"end":{"line":11,"column":28}},"loc":{"start":{"line":11,"column":31},"end":{"line":87,"column":1}},"line":11},"1":{"name":"(anonymous_1)","decl":{"start":{"line":20,"column":31},"end":{"line":20,"column":32}},"loc":{"start":{"line":20,"column":42},"end":{"line":20,"column":71}},"line":20},"2":{"name":"(anonymous_2)","decl":{"start":{"line":24,"column":12},"end":{"line":24,"column":13}},"loc":{"start":{"line":24,"column":18},"end":{"line":26,"column":3}},"line":24},"3":{"name":"(anonymous_3)","decl":{"start":{"line":28,"column":21},"end":{"line":28,"column":22}},"loc":{"start":{"line":28,"column":27},"end":{"line":41,"column":3}},"line":28},"4":{"name":"(anonymous_4)","decl":{"start":{"line":36,"column":16},"end":{"line":36,"column":17}},"loc":{"start":{"line":36,"column":30},"end":{"line":38,"column":9}},"line":36},"5":{"name":"(anonymous_5)","decl":{"start":{"line":38,"column":17},"end":{"line":38,"column":18}},"loc":{"start":{"line":38,"column":28},"end":{"line":40,"column":9}},"line":38},"6":{"name":"(anonymous_6)","decl":{"start":{"line":43,"column":18},"end":{"line":43,"column":19}},"loc":{"start":{"line":43,"column":34},"end":{"line":45,"column":3}},"line":43},"7":{"name":"(anonymous_7)","decl":{"start":{"line":47,"column":17},"end":{"line":47,"column":18}},"loc":{"start":{"line":47,"column":33},"end":{"line":49,"column":3}},"line":47}},"branchMap":{},"s":{"0":5,"1":4,"2":4,"3":4,"4":0,"5":0,"6":0,"7":0,"8":0,"9":0,"10":0,"11":0,"12":0,"13":0,"14":0,"15":0,"16":0,"17":0,"18":0},"f":{"0":5,"1":0,"2":0,"3":0,"4":0,"5":0,"6":0,"7":0},"b":{},"_coverageSchema":"1a1c01bbd47fc00a2c39e90264f33305004495a9","hash":"4ca8c5782710f7b00d84d22c2b7da1d29a847208"}
}
